
*** Running vivado
    with args -log cifru.vds -m64 -product Vivado -mode batch -messageDb vivado.pb -notrace -source cifru.tcl


ECHO is off.
ECHO is off.

****** Vivado v2023.2 (64-bit)
  **** SW Build 4029153 on Fri Oct 13 20:14:34 MDT 2023
  **** IP Build 4028589 on Sat Oct 14 00:45:43 MDT 2023
  **** SharedData Build 4025554 on Tue Oct 10 17:18:54 MDT 2023
    ** Copyright 1986-2022 Xilinx, Inc. All Rights Reserved.
    ** Copyright 2022-2023 Advanced Micro Devices, Inc. All Rights Reserved.

source cifru.tcl -notrace
create_project: Time (s): cpu = 00:00:05 ; elapsed = 00:00:06 . Memory (MB): peak = 455.469 ; gain = 182.355
Command: read_checkpoint -auto_incremental -incremental D:/FACULTATE/facultate/anul1/sem2/PSN/proiect/ProiectPSN-Cifru/cifru_project/cifru_project.srcs/utils_1/imports/synth_1/cifru.dcp
INFO: [Vivado 12-5825] Read reference checkpoint from D:/FACULTATE/facultate/anul1/sem2/PSN/proiect/ProiectPSN-Cifru/cifru_project/cifru_project.srcs/utils_1/imports/synth_1/cifru.dcp for incremental synthesis
INFO: [Vivado 12-7989] Please ensure there are no constraint changes
Command: synth_design -top cifru -part xc7a100tcsg324-1
Starting synth_design
Attempting to get a license for feature 'Synthesis' and/or device 'xc7a100t'
INFO: [Common 17-349] Got license for feature 'Synthesis' and/or device 'xc7a100t'
INFO: [Device 21-403] Loading part xc7a100tcsg324-1
INFO: [Designutils 20-5440] No compile time benefit to using incremental synthesis; A full resynthesis will be run
INFO: [Designutils 20-4379] Flow is switching to default flow due to incremental criteria not met. If you would like to alter this behaviour and have the flow terminate instead, please set the following parameter config_implementation {autoIncr.Synth.RejectBehavior Terminate}
INFO: [Synth 8-7079] Multithreading enabled for synth_design using a maximum of 2 processes.
INFO: [Synth 8-7078] Launching helper process for spawning children vivado processes
INFO: [Synth 8-7075] Helper process launched with PID 13676
---------------------------------------------------------------------------------
Starting RTL Elaboration : Time (s): cpu = 00:00:05 ; elapsed = 00:00:07 . Memory (MB): peak = 1309.480 ; gain = 440.953
---------------------------------------------------------------------------------
INFO: [Synth 8-638] synthesizing module 'cifru' [D:/FACULTATE/facultate/anul1/sem2/PSN/proiect/ProiectPSN-Cifru/cifru_project/cifru_project.srcs/sources_1/new/cifru.vhd:16]
INFO: [Synth 8-3491] module 'UnitateControl' declared at 'D:/FACULTATE/facultate/anul1/sem2/PSN/proiect/ProiectPSN-Cifru/cifru_project/cifru_project.srcs/sources_1/new/UnitateControl.vhd:5' bound to instance 'control' of component 'UnitateControl' [D:/FACULTATE/facultate/anul1/sem2/PSN/proiect/ProiectPSN-Cifru/cifru_project/cifru_project.srcs/sources_1/new/cifru.vhd:62]
INFO: [Synth 8-638] synthesizing module 'UnitateControl' [D:/FACULTATE/facultate/anul1/sem2/PSN/proiect/ProiectPSN-Cifru/cifru_project/cifru_project.srcs/sources_1/new/UnitateControl.vhd:22]
WARNING: [Synth 8-614] signal 'addCifra' is read in the process but is not in the sensitivity list [D:/FACULTATE/facultate/anul1/sem2/PSN/proiect/ProiectPSN-Cifru/cifru_project/cifru_project.srcs/sources_1/new/UnitateControl.vhd:37]
WARNING: [Synth 8-614] signal 'liberOcupat' is read in the process but is not in the sensitivity list [D:/FACULTATE/facultate/anul1/sem2/PSN/proiect/ProiectPSN-Cifru/cifru_project/cifru_project.srcs/sources_1/new/UnitateControl.vhd:37]
INFO: [Synth 8-256] done synthesizing module 'UnitateControl' (0#1) [D:/FACULTATE/facultate/anul1/sem2/PSN/proiect/ProiectPSN-Cifru/cifru_project/cifru_project.srcs/sources_1/new/UnitateControl.vhd:22]
INFO: [Synth 8-3491] module 'UnitateExecutie' declared at 'D:/FACULTATE/facultate/anul1/sem2/PSN/proiect/ProiectPSN-Cifru/cifru_project/cifru_project.srcs/sources_1/new/UnitateExecutie.vhd:3' bound to instance 'executie' of component 'UnitateExecutie' [D:/FACULTATE/facultate/anul1/sem2/PSN/proiect/ProiectPSN-Cifru/cifru_project/cifru_project.srcs/sources_1/new/cifru.vhd:63]
INFO: [Synth 8-638] synthesizing module 'UnitateExecutie' [D:/FACULTATE/facultate/anul1/sem2/PSN/proiect/ProiectPSN-Cifru/cifru_project/cifru_project.srcs/sources_1/new/UnitateExecutie.vhd:21]
INFO: [Synth 8-3491] module 'MPG' declared at 'D:/FACULTATE/facultate/anul1/sem2/PSN/proiect/ProiectPSN-Cifru/cifru_project/cifru_project.srcs/sources_1/new/MPG.vhd:6' bound to instance 'mpgUp' of component 'MPG' [D:/FACULTATE/facultate/anul1/sem2/PSN/proiect/ProiectPSN-Cifru/cifru_project/cifru_project.srcs/sources_1/new/UnitateExecutie.vhd:115]
INFO: [Synth 8-638] synthesizing module 'MPG' [D:/FACULTATE/facultate/anul1/sem2/PSN/proiect/ProiectPSN-Cifru/cifru_project/cifru_project.srcs/sources_1/new/MPG.vhd:14]
INFO: [Synth 8-256] done synthesizing module 'MPG' (0#1) [D:/FACULTATE/facultate/anul1/sem2/PSN/proiect/ProiectPSN-Cifru/cifru_project/cifru_project.srcs/sources_1/new/MPG.vhd:14]
INFO: [Synth 8-3491] module 'MPG' declared at 'D:/FACULTATE/facultate/anul1/sem2/PSN/proiect/ProiectPSN-Cifru/cifru_project/cifru_project.srcs/sources_1/new/MPG.vhd:6' bound to instance 'mpgDown' of component 'MPG' [D:/FACULTATE/facultate/anul1/sem2/PSN/proiect/ProiectPSN-Cifru/cifru_project/cifru_project.srcs/sources_1/new/UnitateExecutie.vhd:116]
INFO: [Synth 8-3491] module 'RamController' declared at 'D:/FACULTATE/facultate/anul1/sem2/PSN/proiect/ProiectPSN-Cifru/cifru_project/cifru_project.srcs/sources_1/new/RamController.vhd:5' bound to instance 'ram_Controller' of component 'RamController' [D:/FACULTATE/facultate/anul1/sem2/PSN/proiect/ProiectPSN-Cifru/cifru_project/cifru_project.srcs/sources_1/new/UnitateExecutie.vhd:117]
INFO: [Synth 8-638] synthesizing module 'RamController' [D:/FACULTATE/facultate/anul1/sem2/PSN/proiect/ProiectPSN-Cifru/cifru_project/cifru_project.srcs/sources_1/new/RamController.vhd:21]
WARNING: [Synth 8-614] signal 'liberOcupat' is read in the process but is not in the sensitivity list [D:/FACULTATE/facultate/anul1/sem2/PSN/proiect/ProiectPSN-Cifru/cifru_project/cifru_project.srcs/sources_1/new/RamController.vhd:47]
WARNING: [Synth 8-614] signal 'data1' is read in the process but is not in the sensitivity list [D:/FACULTATE/facultate/anul1/sem2/PSN/proiect/ProiectPSN-Cifru/cifru_project/cifru_project.srcs/sources_1/new/RamController.vhd:47]
WARNING: [Synth 8-614] signal 'data2' is read in the process but is not in the sensitivity list [D:/FACULTATE/facultate/anul1/sem2/PSN/proiect/ProiectPSN-Cifru/cifru_project/cifru_project.srcs/sources_1/new/RamController.vhd:47]
INFO: [Synth 8-256] done synthesizing module 'RamController' (0#1) [D:/FACULTATE/facultate/anul1/sem2/PSN/proiect/ProiectPSN-Cifru/cifru_project/cifru_project.srcs/sources_1/new/RamController.vhd:21]
INFO: [Synth 8-3491] module 'RamCifru' declared at 'D:/FACULTATE/facultate/anul1/sem2/PSN/proiect/ProiectPSN-Cifru/cifru_project/cifru_project.srcs/sources_1/new/RamCifru.vhd:5' bound to instance 'ram_Cifru' of component 'RamCifru' [D:/FACULTATE/facultate/anul1/sem2/PSN/proiect/ProiectPSN-Cifru/cifru_project/cifru_project.srcs/sources_1/new/UnitateExecutie.vhd:119]
INFO: [Synth 8-638] synthesizing module 'RamCifru' [D:/FACULTATE/facultate/anul1/sem2/PSN/proiect/ProiectPSN-Cifru/cifru_project/cifru_project.srcs/sources_1/new/RamCifru.vhd:16]
WARNING: [Synth 8-614] signal 'memory' is read in the process but is not in the sensitivity list [D:/FACULTATE/facultate/anul1/sem2/PSN/proiect/ProiectPSN-Cifru/cifru_project/cifru_project.srcs/sources_1/new/RamCifru.vhd:22]
INFO: [Synth 8-256] done synthesizing module 'RamCifru' (0#1) [D:/FACULTATE/facultate/anul1/sem2/PSN/proiect/ProiectPSN-Cifru/cifru_project/cifru_project.srcs/sources_1/new/RamCifru.vhd:16]
INFO: [Synth 8-3491] module 'RamCifreCurente' declared at 'D:/FACULTATE/facultate/anul1/sem2/PSN/proiect/ProiectPSN-Cifru/cifru_project/cifru_project.srcs/sources_1/new/RamCifreCurente.vhd:5' bound to instance 'ram_CifreCurente' of component 'RamCifreCurente' [D:/FACULTATE/facultate/anul1/sem2/PSN/proiect/ProiectPSN-Cifru/cifru_project/cifru_project.srcs/sources_1/new/UnitateExecutie.vhd:120]
INFO: [Synth 8-638] synthesizing module 'RamCifreCurente' [D:/FACULTATE/facultate/anul1/sem2/PSN/proiect/ProiectPSN-Cifru/cifru_project/cifru_project.srcs/sources_1/new/RamCifreCurente.vhd:16]
WARNING: [Synth 8-614] signal 'memory' is read in the process but is not in the sensitivity list [D:/FACULTATE/facultate/anul1/sem2/PSN/proiect/ProiectPSN-Cifru/cifru_project/cifru_project.srcs/sources_1/new/RamCifreCurente.vhd:22]
INFO: [Synth 8-256] done synthesizing module 'RamCifreCurente' (0#1) [D:/FACULTATE/facultate/anul1/sem2/PSN/proiect/ProiectPSN-Cifru/cifru_project/cifru_project.srcs/sources_1/new/RamCifreCurente.vhd:16]
INFO: [Synth 8-3491] module 'comparator' declared at 'D:/FACULTATE/facultate/anul1/sem2/PSN/proiect/ProiectPSN-Cifru/cifru_project/cifru_project.srcs/sources_1/new/comparator.vhd:7' bound to instance 'comparator_a' of component 'comparator' [D:/FACULTATE/facultate/anul1/sem2/PSN/proiect/ProiectPSN-Cifru/cifru_project/cifru_project.srcs/sources_1/new/UnitateExecutie.vhd:122]
INFO: [Synth 8-638] synthesizing module 'comparator' [D:/FACULTATE/facultate/anul1/sem2/PSN/proiect/ProiectPSN-Cifru/cifru_project/cifru_project.srcs/sources_1/new/comparator.vhd:17]
WARNING: [Synth 8-614] signal 's1' is read in the process but is not in the sensitivity list [D:/FACULTATE/facultate/anul1/sem2/PSN/proiect/ProiectPSN-Cifru/cifru_project/cifru_project.srcs/sources_1/new/comparator.vhd:20]
WARNING: [Synth 8-614] signal 's2' is read in the process but is not in the sensitivity list [D:/FACULTATE/facultate/anul1/sem2/PSN/proiect/ProiectPSN-Cifru/cifru_project/cifru_project.srcs/sources_1/new/comparator.vhd:20]
WARNING: [Synth 8-614] signal 's3' is read in the process but is not in the sensitivity list [D:/FACULTATE/facultate/anul1/sem2/PSN/proiect/ProiectPSN-Cifru/cifru_project/cifru_project.srcs/sources_1/new/comparator.vhd:20]
INFO: [Synth 8-256] done synthesizing module 'comparator' (0#1) [D:/FACULTATE/facultate/anul1/sem2/PSN/proiect/ProiectPSN-Cifru/cifru_project/cifru_project.srcs/sources_1/new/comparator.vhd:17]
INFO: [Synth 8-3491] module 'MPG' declared at 'D:/FACULTATE/facultate/anul1/sem2/PSN/proiect/ProiectPSN-Cifru/cifru_project/cifru_project.srcs/sources_1/new/MPG.vhd:6' bound to instance 'mpgDisplay' of component 'MPG' [D:/FACULTATE/facultate/anul1/sem2/PSN/proiect/ProiectPSN-Cifru/cifru_project/cifru_project.srcs/sources_1/new/UnitateExecutie.vhd:124]
INFO: [Synth 8-3491] module 'DisplayController' declared at 'D:/FACULTATE/facultate/anul1/sem2/PSN/proiect/ProiectPSN-Cifru/cifru_project/cifru_project.srcs/sources_1/new/DisplayController.vhd:7' bound to instance 'display_Controller' of component 'DisplayController' [D:/FACULTATE/facultate/anul1/sem2/PSN/proiect/ProiectPSN-Cifru/cifru_project/cifru_project.srcs/sources_1/new/UnitateExecutie.vhd:125]
INFO: [Synth 8-638] synthesizing module 'DisplayController' [D:/FACULTATE/facultate/anul1/sem2/PSN/proiect/ProiectPSN-Cifru/cifru_project/cifru_project.srcs/sources_1/new/DisplayController.vhd:16]
INFO: [Synth 8-256] done synthesizing module 'DisplayController' (0#1) [D:/FACULTATE/facultate/anul1/sem2/PSN/proiect/ProiectPSN-Cifru/cifru_project/cifru_project.srcs/sources_1/new/DisplayController.vhd:16]
INFO: [Synth 8-3491] module 'SevenSegmentDisplay' declared at 'D:/FACULTATE/facultate/anul1/sem2/PSN/proiect/ProiectPSN-Cifru/cifru_project/cifru_project.srcs/sources_1/new/SevenSegmentDisplay.vhd:7' bound to instance 'display' of component 'SevenSegmentDisplay' [D:/FACULTATE/facultate/anul1/sem2/PSN/proiect/ProiectPSN-Cifru/cifru_project/cifru_project.srcs/sources_1/new/UnitateExecutie.vhd:126]
INFO: [Synth 8-638] synthesizing module 'SevenSegmentDisplay' [D:/FACULTATE/facultate/anul1/sem2/PSN/proiect/ProiectPSN-Cifru/cifru_project/cifru_project.srcs/sources_1/new/SevenSegmentDisplay.vhd:21]
INFO: [Synth 8-226] default block is never used [D:/FACULTATE/facultate/anul1/sem2/PSN/proiect/ProiectPSN-Cifru/cifru_project/cifru_project.srcs/sources_1/new/SevenSegmentDisplay.vhd:53]
INFO: [Synth 8-226] default block is never used [D:/FACULTATE/facultate/anul1/sem2/PSN/proiect/ProiectPSN-Cifru/cifru_project/cifru_project.srcs/sources_1/new/SevenSegmentDisplay.vhd:69]
WARNING: [Synth 8-614] signal 'displayValueAtCount' is read in the process but is not in the sensitivity list [D:/FACULTATE/facultate/anul1/sem2/PSN/proiect/ProiectPSN-Cifru/cifru_project/cifru_project.srcs/sources_1/new/SevenSegmentDisplay.vhd:51]
INFO: [Synth 8-256] done synthesizing module 'SevenSegmentDisplay' (0#1) [D:/FACULTATE/facultate/anul1/sem2/PSN/proiect/ProiectPSN-Cifru/cifru_project/cifru_project.srcs/sources_1/new/SevenSegmentDisplay.vhd:21]
INFO: [Synth 8-256] done synthesizing module 'UnitateExecutie' (0#1) [D:/FACULTATE/facultate/anul1/sem2/PSN/proiect/ProiectPSN-Cifru/cifru_project/cifru_project.srcs/sources_1/new/UnitateExecutie.vhd:21]
INFO: [Synth 8-256] done synthesizing module 'cifru' (0#1) [D:/FACULTATE/facultate/anul1/sem2/PSN/proiect/ProiectPSN-Cifru/cifru_project/cifru_project.srcs/sources_1/new/cifru.vhd:16]
WARNING: [Synth 8-7129] Port a1[3] in module comparator is either unconnected or has no load
WARNING: [Synth 8-7129] Port a1[2] in module comparator is either unconnected or has no load
WARNING: [Synth 8-7129] Port a1[1] in module comparator is either unconnected or has no load
WARNING: [Synth 8-7129] Port a1[0] in module comparator is either unconnected or has no load
WARNING: [Synth 8-7129] Port a2[3] in module comparator is either unconnected or has no load
WARNING: [Synth 8-7129] Port a2[2] in module comparator is either unconnected or has no load
WARNING: [Synth 8-7129] Port a2[1] in module comparator is either unconnected or has no load
WARNING: [Synth 8-7129] Port a2[0] in module comparator is either unconnected or has no load
WARNING: [Synth 8-7129] Port a3[3] in module comparator is either unconnected or has no load
WARNING: [Synth 8-7129] Port a3[2] in module comparator is either unconnected or has no load
WARNING: [Synth 8-7129] Port a3[1] in module comparator is either unconnected or has no load
WARNING: [Synth 8-7129] Port a3[0] in module comparator is either unconnected or has no load
WARNING: [Synth 8-7129] Port b1[3] in module comparator is either unconnected or has no load
WARNING: [Synth 8-7129] Port b1[2] in module comparator is either unconnected or has no load
WARNING: [Synth 8-7129] Port b1[1] in module comparator is either unconnected or has no load
WARNING: [Synth 8-7129] Port b1[0] in module comparator is either unconnected or has no load
WARNING: [Synth 8-7129] Port b2[3] in module comparator is either unconnected or has no load
WARNING: [Synth 8-7129] Port b2[2] in module comparator is either unconnected or has no load
WARNING: [Synth 8-7129] Port b2[1] in module comparator is either unconnected or has no load
WARNING: [Synth 8-7129] Port b2[0] in module comparator is either unconnected or has no load
WARNING: [Synth 8-7129] Port b3[3] in module comparator is either unconnected or has no load
WARNING: [Synth 8-7129] Port b3[2] in module comparator is either unconnected or has no load
WARNING: [Synth 8-7129] Port b3[1] in module comparator is either unconnected or has no load
WARNING: [Synth 8-7129] Port b3[0] in module comparator is either unconnected or has no load
WARNING: [Synth 8-7129] Port reset in module UnitateExecutie is either unconnected or has no load
WARNING: [Synth 8-7129] Port down in module UnitateExecutie is either unconnected or has no load
---------------------------------------------------------------------------------
Finished RTL Elaboration : Time (s): cpu = 00:00:07 ; elapsed = 00:00:09 . Memory (MB): peak = 1417.891 ; gain = 549.363
---------------------------------------------------------------------------------
---------------------------------------------------------------------------------
Start Handling Custom Attributes
---------------------------------------------------------------------------------
---------------------------------------------------------------------------------
Finished Handling Custom Attributes : Time (s): cpu = 00:00:08 ; elapsed = 00:00:09 . Memory (MB): peak = 1417.891 ; gain = 549.363
---------------------------------------------------------------------------------
---------------------------------------------------------------------------------
Finished RTL Optimization Phase 1 : Time (s): cpu = 00:00:08 ; elapsed = 00:00:09 . Memory (MB): peak = 1417.891 ; gain = 549.363
---------------------------------------------------------------------------------
Netlist sorting complete. Time (s): cpu = 00:00:00 ; elapsed = 00:00:00.002 . Memory (MB): peak = 1417.891 ; gain = 0.000
INFO: [Project 1-570] Preparing netlist for logic optimization

Processing XDC Constraints
Initializing timing engine
Parsing XDC File [D:/FACULTATE/facultate/anul1/sem2/PSN/proiect/ProiectPSN-Cifru/cifru_project/cifru_project.srcs/constrs_1/new/constraints.xdc]
WARNING: [Vivado 12-507] No nets matched 'enableAnod0_IBUF'. [D:/FACULTATE/facultate/anul1/sem2/PSN/proiect/ProiectPSN-Cifru/cifru_project/cifru_project.srcs/constrs_1/new/constraints.xdc:8]
CRITICAL WARNING: [Common 17-55] 'set_property' expects at least one object. [D:/FACULTATE/facultate/anul1/sem2/PSN/proiect/ProiectPSN-Cifru/cifru_project/cifru_project.srcs/constrs_1/new/constraints.xdc:8]
Resolution: If [get_<value>] was used to populate the object, check to make sure this command returns at least one valid object.
Finished Parsing XDC File [D:/FACULTATE/facultate/anul1/sem2/PSN/proiect/ProiectPSN-Cifru/cifru_project/cifru_project.srcs/constrs_1/new/constraints.xdc]
INFO: [Project 1-236] Implementation specific constraints were found while reading constraint file [D:/FACULTATE/facultate/anul1/sem2/PSN/proiect/ProiectPSN-Cifru/cifru_project/cifru_project.srcs/constrs_1/new/constraints.xdc]. These constraints will be ignored for synthesis but will be used in implementation. Impacted constraints are listed in the file [.Xil/cifru_propImpl.xdc].
Resolution: To avoid this warning, move constraints listed in [.Xil/cifru_propImpl.xdc] to another XDC file and exclude this new file from synthesis with the used_in_synthesis property (File Properties dialog in GUI) and re-run elaboration/synthesis.
Completed Processing XDC Constraints

Netlist sorting complete. Time (s): cpu = 00:00:00 ; elapsed = 00:00:00 . Memory (MB): peak = 1448.621 ; gain = 0.000
INFO: [Project 1-111] Unisim Transformation Summary:
No Unisim elements were transformed.

The system cannot find the path specified.
Constraint Validation Runtime : Time (s): cpu = 00:00:00 ; elapsed = 00:00:00.020 . Memory (MB): peak = 1448.621 ; gain = 0.000
INFO: [Designutils 20-5440] No compile time benefit to using incremental synthesis; A full resynthesis will be run
INFO: [Designutils 20-4379] Flow is switching to default flow due to incremental criteria not met. If you would like to alter this behaviour and have the flow terminate instead, please set the following parameter config_implementation {autoIncr.Synth.RejectBehavior Terminate}
---------------------------------------------------------------------------------
Finished Constraint Validation : Time (s): cpu = 00:00:18 ; elapsed = 00:00:22 . Memory (MB): peak = 1448.621 ; gain = 580.094
---------------------------------------------------------------------------------
---------------------------------------------------------------------------------
Start Loading Part and Timing Information
---------------------------------------------------------------------------------
Loading part: xc7a100tcsg324-1
---------------------------------------------------------------------------------
Finished Loading Part and Timing Information : Time (s): cpu = 00:00:18 ; elapsed = 00:00:22 . Memory (MB): peak = 1448.621 ; gain = 580.094
---------------------------------------------------------------------------------
---------------------------------------------------------------------------------
Start Applying 'set_property' XDC Constraints
---------------------------------------------------------------------------------
---------------------------------------------------------------------------------
Finished applying 'set_property' XDC Constraints : Time (s): cpu = 00:00:18 ; elapsed = 00:00:22 . Memory (MB): peak = 1448.621 ; gain = 580.094
---------------------------------------------------------------------------------
INFO: [Synth 8-802] inferred FSM for state register 'currentState_reg' in module 'UnitateControl'
WARNING: [Synth 8-327] inferring latch for variable 'FSM_sequential_nextState_reg' [D:/FACULTATE/facultate/anul1/sem2/PSN/proiect/ProiectPSN-Cifru/cifru_project/cifru_project.srcs/sources_1/new/UnitateControl.vhd:33]
WARNING: [Synth 8-327] inferring latch for variable 'FSM_onehot_nextState_reg' [D:/FACULTATE/facultate/anul1/sem2/PSN/proiect/ProiectPSN-Cifru/cifru_project/cifru_project.srcs/sources_1/new/UnitateControl.vhd:33]
---------------------------------------------------------------------------------------------------
                   State |                     New Encoding |                Previous Encoding 
---------------------------------------------------------------------------------------------------
                   liber |                             0000 |                             0000
           astept_cifra0 |                             0001 |                             0001
           astept_cifra1 |                             0010 |                             0010
           astept_cifra2 |                             0011 |                             0011
                  ocupat |                             0100 |                             0100
           astept_cifra3 |                             0101 |                             0101
           astept_cifra4 |                             0110 |                             0110
           astept_cifra5 |                             0111 |                             0111
            astept_match |                             1000 |                             1000
---------------------------------------------------------------------------------------------------
INFO: [Synth 8-3354] encoded FSM with state register 'currentState_reg' using encoding 'sequential' in module 'UnitateControl'
WARNING: [Synth 8-327] inferring latch for variable 'FSM_sequential_nextState_reg' [D:/FACULTATE/facultate/anul1/sem2/PSN/proiect/ProiectPSN-Cifru/cifru_project/cifru_project.srcs/sources_1/new/UnitateControl.vhd:33]
WARNING: [Synth 8-327] inferring latch for variable 'data1_reg' [D:/FACULTATE/facultate/anul1/sem2/PSN/proiect/ProiectPSN-Cifru/cifru_project/cifru_project.srcs/sources_1/new/RamController.vhd:50]
WARNING: [Synth 8-327] inferring latch for variable 'data2_reg' [D:/FACULTATE/facultate/anul1/sem2/PSN/proiect/ProiectPSN-Cifru/cifru_project/cifru_project.srcs/sources_1/new/RamController.vhd:56]
WARNING: [Synth 8-327] inferring latch for variable 'memory_reg[0]' [D:/FACULTATE/facultate/anul1/sem2/PSN/proiect/ProiectPSN-Cifru/cifru_project/cifru_project.srcs/sources_1/new/RamCifru.vhd:25]
WARNING: [Synth 8-327] inferring latch for variable 'memory_reg[1]' [D:/FACULTATE/facultate/anul1/sem2/PSN/proiect/ProiectPSN-Cifru/cifru_project/cifru_project.srcs/sources_1/new/RamCifru.vhd:25]
WARNING: [Synth 8-327] inferring latch for variable 'memory_reg[2]' [D:/FACULTATE/facultate/anul1/sem2/PSN/proiect/ProiectPSN-Cifru/cifru_project/cifru_project.srcs/sources_1/new/RamCifru.vhd:25]
WARNING: [Synth 8-327] inferring latch for variable 'memory_reg[0]' [D:/FACULTATE/facultate/anul1/sem2/PSN/proiect/ProiectPSN-Cifru/cifru_project/cifru_project.srcs/sources_1/new/RamCifreCurente.vhd:25]
WARNING: [Synth 8-327] inferring latch for variable 'memory_reg[1]' [D:/FACULTATE/facultate/anul1/sem2/PSN/proiect/ProiectPSN-Cifru/cifru_project/cifru_project.srcs/sources_1/new/RamCifreCurente.vhd:25]
WARNING: [Synth 8-327] inferring latch for variable 'memory_reg[2]' [D:/FACULTATE/facultate/anul1/sem2/PSN/proiect/ProiectPSN-Cifru/cifru_project/cifru_project.srcs/sources_1/new/RamCifreCurente.vhd:25]
WARNING: [Synth 8-327] inferring latch for variable 'match_reg' [D:/FACULTATE/facultate/anul1/sem2/PSN/proiect/ProiectPSN-Cifru/cifru_project/cifru_project.srcs/sources_1/new/comparator.vhd:37]
WARNING: [Synth 8-327] inferring latch for variable 'displayValueAtCount_reg' [D:/FACULTATE/facultate/anul1/sem2/PSN/proiect/ProiectPSN-Cifru/cifru_project/cifru_project.srcs/sources_1/new/SevenSegmentDisplay.vhd:58]
---------------------------------------------------------------------------------
Finished RTL Optimization Phase 2 : Time (s): cpu = 00:00:19 ; elapsed = 00:00:22 . Memory (MB): peak = 1448.621 ; gain = 580.094
---------------------------------------------------------------------------------
INFO: [Synth 8-223] decloning instance 'executie/mpgUp' (MPG) to 'executie/mpgDown'
---------------------------------------------------------------------------------
Start RTL Component Statistics 
---------------------------------------------------------------------------------
Detailed RTL Component Info : 
+---Adders : 
	   2 Input    4 Bit       Adders := 2     
	   2 Input    2 Bit       Adders := 1     
+---Registers : 
	                2 Bit    Registers := 1     
	                1 Bit    Registers := 6     
+---Muxes : 
	   4 Input    8 Bit        Muxes := 1     
	   9 Input    4 Bit        Muxes := 2     
	   2 Input    4 Bit        Muxes := 5     
	   4 Input    4 Bit        Muxes := 1     
	   2 Input    2 Bit        Muxes := 4     
	   9 Input    1 Bit        Muxes := 7     
	   2 Input    1 Bit        Muxes := 24    
	   4 Input    1 Bit        Muxes := 1     
---------------------------------------------------------------------------------
Finished RTL Component Statistics 
---------------------------------------------------------------------------------
---------------------------------------------------------------------------------
Start Part Resource Summary
---------------------------------------------------------------------------------
Part Resources:
DSPs: 240 (col length:80)
BRAMs: 270 (col length: RAMB18 80 RAMB36 40)
---------------------------------------------------------------------------------
Finished Part Resource Summary
---------------------------------------------------------------------------------
---------------------------------------------------------------------------------
Start Cross Boundary and Area Optimization
---------------------------------------------------------------------------------
WARNING: [Synth 8-7080] Parallel synthesis criteria is not met
WARNING: [Synth 8-3917] design cifru has port anodActiv[7] driven by constant 1
WARNING: [Synth 8-3917] design cifru has port anodActiv[6] driven by constant 1
WARNING: [Synth 8-3917] design cifru has port anodActiv[5] driven by constant 1
WARNING: [Synth 8-3917] design cifru has port anodActiv[4] driven by constant 1
WARNING: [Synth 8-3917] design cifru has port anodActiv[3] driven by constant 1
WARNING: [Synth 8-7129] Port down in module cifru is either unconnected or has no load
WARNING: [Synth 8-264] enable of latch \executie/ram_Controller/data2_reg[1]  is always disabled
WARNING: [Synth 8-264] enable of latch \executie/ram_Controller/data2_reg[1]  is always disabled
WARNING: [Synth 8-264] enable of latch \executie/ram_Controller/data1_reg[1]  is always disabled
WARNING: [Synth 8-264] enable of latch \executie/ram_Controller/data1_reg[1]  is always disabled
WARNING: [Synth 8-264] enable of latch \executie/ram_Controller/data2_reg[2]  is always disabled
WARNING: [Synth 8-264] enable of latch \executie/ram_Controller/data2_reg[2]  is always disabled
WARNING: [Synth 8-264] enable of latch \executie/ram_Controller/data1_reg[2]  is always disabled
WARNING: [Synth 8-264] enable of latch \executie/ram_Controller/data1_reg[2]  is always disabled
WARNING: [Synth 8-264] enable of latch \executie/ram_Controller/data2_reg[3]  is always disabled
WARNING: [Synth 8-264] enable of latch \executie/ram_Controller/data2_reg[3]  is always disabled
WARNING: [Synth 8-264] enable of latch \executie/ram_Controller/data1_reg[3]  is always disabled
WARNING: [Synth 8-264] enable of latch \executie/ram_Controller/data1_reg[3]  is always disabled
WARNING: [Synth 8-264] enable of latch \executie/ram_Controller/data2_reg[1]  is always disabled
WARNING: [Synth 8-264] enable of latch \executie/ram_Controller/data2_reg[1]  is always disabled
WARNING: [Synth 8-264] enable of latch \executie/ram_Controller/data1_reg[1]  is always disabled
WARNING: [Synth 8-264] enable of latch \executie/ram_Controller/data1_reg[1]  is always disabled
WARNING: [Synth 8-264] enable of latch \executie/ram_Controller/data2_reg[2]  is always disabled
WARNING: [Synth 8-264] enable of latch \executie/ram_Controller/data2_reg[2]  is always disabled
WARNING: [Synth 8-264] enable of latch \executie/ram_Controller/data1_reg[2]  is always disabled
WARNING: [Synth 8-264] enable of latch \executie/ram_Controller/data1_reg[2]  is always disabled
WARNING: [Synth 8-264] enable of latch \executie/ram_Controller/data2_reg[3]  is always disabled
WARNING: [Synth 8-264] enable of latch \executie/ram_Controller/data2_reg[3]  is always disabled
WARNING: [Synth 8-264] enable of latch \executie/ram_Controller/data1_reg[3]  is always disabled
WARNING: [Synth 8-264] enable of latch \executie/ram_Controller/data1_reg[3]  is always disabled
WARNING: [Synth 8-264] enable of latch \executie/ram_Controller/data1_reg[1]  is always disabled
WARNING: [Synth 8-264] enable of latch \executie/ram_Controller/data1_reg[1]  is always disabled
WARNING: [Synth 8-264] enable of latch \executie/ram_Controller/data2_reg[1]  is always disabled
WARNING: [Synth 8-264] enable of latch \executie/ram_Controller/data2_reg[1]  is always disabled
WARNING: [Synth 8-264] enable of latch \executie/ram_Controller/data1_reg[2]  is always disabled
WARNING: [Synth 8-264] enable of latch \executie/ram_Controller/data1_reg[2]  is always disabled
WARNING: [Synth 8-264] enable of latch \executie/ram_Controller/data2_reg[2]  is always disabled
WARNING: [Synth 8-264] enable of latch \executie/ram_Controller/data2_reg[2]  is always disabled
WARNING: [Synth 8-264] enable of latch \executie/ram_Controller/data1_reg[3]  is always disabled
WARNING: [Synth 8-264] enable of latch \executie/ram_Controller/data1_reg[3]  is always disabled
WARNING: [Synth 8-264] enable of latch \executie/ram_Controller/data2_reg[3]  is always disabled
WARNING: [Synth 8-264] enable of latch \executie/ram_Controller/data2_reg[3]  is always disabled
---------------------------------------------------------------------------------
Finished Cross Boundary and Area Optimization : Time (s): cpu = 00:00:21 ; elapsed = 00:00:25 . Memory (MB): peak = 1448.621 ; gain = 580.094
---------------------------------------------------------------------------------
---------------------------------------------------------------------------------
Start Applying XDC Timing Constraints
---------------------------------------------------------------------------------
---------------------------------------------------------------------------------
Finished Applying XDC Timing Constraints : Time (s): cpu = 00:00:26 ; elapsed = 00:00:30 . Memory (MB): peak = 1448.621 ; gain = 580.094
---------------------------------------------------------------------------------
---------------------------------------------------------------------------------
Start Timing Optimization
---------------------------------------------------------------------------------
WARNING: [Synth 8-264] enable of latch \executie/ram_Controller/data1_reg[1]  is always disabled
WARNING: [Synth 8-264] enable of latch \executie/ram_Controller/data1_reg[1]  is always disabled
WARNING: [Synth 8-264] enable of latch \executie/ram_Controller/data2_reg[1]  is always disabled
WARNING: [Synth 8-264] enable of latch \executie/ram_Controller/data2_reg[1]  is always disabled
WARNING: [Synth 8-264] enable of latch \executie/ram_Controller/data1_reg[2]  is always disabled
WARNING: [Synth 8-264] enable of latch \executie/ram_Controller/data1_reg[2]  is always disabled
WARNING: [Synth 8-264] enable of latch \executie/ram_Controller/data2_reg[2]  is always disabled
WARNING: [Synth 8-264] enable of latch \executie/ram_Controller/data2_reg[2]  is always disabled
WARNING: [Synth 8-264] enable of latch \executie/ram_Controller/data1_reg[3]  is always disabled
WARNING: [Synth 8-264] enable of latch \executie/ram_Controller/data1_reg[3]  is always disabled
WARNING: [Synth 8-264] enable of latch \executie/ram_Controller/data2_reg[3]  is always disabled
WARNING: [Synth 8-264] enable of latch \executie/ram_Controller/data2_reg[3]  is always disabled
WARNING: [Synth 8-264] enable of latch \executie/ram_Controller/data1_reg[1]  is always disabled
WARNING: [Synth 8-264] enable of latch \executie/ram_Controller/data1_reg[1]  is always disabled
WARNING: [Synth 8-264] enable of latch \executie/ram_Controller/data2_reg[1]  is always disabled
WARNING: [Synth 8-264] enable of latch \executie/ram_Controller/data2_reg[1]  is always disabled
WARNING: [Synth 8-264] enable of latch \executie/ram_Controller/data1_reg[2]  is always disabled
WARNING: [Synth 8-264] enable of latch \executie/ram_Controller/data1_reg[2]  is always disabled
WARNING: [Synth 8-264] enable of latch \executie/ram_Controller/data2_reg[2]  is always disabled
WARNING: [Synth 8-264] enable of latch \executie/ram_Controller/data2_reg[2]  is always disabled
WARNING: [Synth 8-264] enable of latch \executie/ram_Controller/data1_reg[3]  is always disabled
WARNING: [Synth 8-264] enable of latch \executie/ram_Controller/data1_reg[3]  is always disabled
WARNING: [Synth 8-264] enable of latch \executie/ram_Controller/data2_reg[3]  is always disabled
WARNING: [Synth 8-264] enable of latch \executie/ram_Controller/data2_reg[3]  is always disabled
---------------------------------------------------------------------------------
Finished Timing Optimization : Time (s): cpu = 00:00:26 ; elapsed = 00:00:30 . Memory (MB): peak = 1448.621 ; gain = 580.094
---------------------------------------------------------------------------------
---------------------------------------------------------------------------------
Start Technology Mapping
---------------------------------------------------------------------------------
WARNING: [Synth 8-3332] Sequential element (executie/ram_Controller/data1_reg[3]) is unused and will be removed from module cifru.
WARNING: [Synth 8-3332] Sequential element (executie/ram_Controller/data1_reg[2]) is unused and will be removed from module cifru.
WARNING: [Synth 8-3332] Sequential element (executie/ram_Controller/data1_reg[1]) is unused and will be removed from module cifru.
WARNING: [Synth 8-3332] Sequential element (executie/ram_Controller/data1_reg[0]) is unused and will be removed from module cifru.
WARNING: [Synth 8-3332] Sequential element (executie/ram_Controller/data2_reg[3]) is unused and will be removed from module cifru.
WARNING: [Synth 8-3332] Sequential element (executie/ram_Controller/data2_reg[2]) is unused and will be removed from module cifru.
WARNING: [Synth 8-3332] Sequential element (executie/ram_Controller/data2_reg[1]) is unused and will be removed from module cifru.
WARNING: [Synth 8-3332] Sequential element (executie/ram_Controller/data2_reg[0]) is unused and will be removed from module cifru.
WARNING: [Synth 8-3332] Sequential element (executie/ram_Cifru/memory_reg[0][3]) is unused and will be removed from module cifru.
WARNING: [Synth 8-3332] Sequential element (executie/ram_Cifru/memory_reg[0][2]) is unused and will be removed from module cifru.
WARNING: [Synth 8-3332] Sequential element (executie/ram_Cifru/memory_reg[0][1]) is unused and will be removed from module cifru.
WARNING: [Synth 8-3332] Sequential element (executie/ram_Cifru/memory_reg[0][0]) is unused and will be removed from module cifru.
WARNING: [Synth 8-3332] Sequential element (executie/ram_Cifru/memory_reg[1][3]) is unused and will be removed from module cifru.
WARNING: [Synth 8-3332] Sequential element (executie/ram_Cifru/memory_reg[1][2]) is unused and will be removed from module cifru.
WARNING: [Synth 8-3332] Sequential element (executie/ram_Cifru/memory_reg[1][1]) is unused and will be removed from module cifru.
WARNING: [Synth 8-3332] Sequential element (executie/ram_Cifru/memory_reg[1][0]) is unused and will be removed from module cifru.
WARNING: [Synth 8-3332] Sequential element (executie/ram_Cifru/memory_reg[2][3]) is unused and will be removed from module cifru.
WARNING: [Synth 8-3332] Sequential element (executie/ram_Cifru/memory_reg[2][2]) is unused and will be removed from module cifru.
WARNING: [Synth 8-3332] Sequential element (executie/ram_Cifru/memory_reg[2][1]) is unused and will be removed from module cifru.
WARNING: [Synth 8-3332] Sequential element (executie/ram_Cifru/memory_reg[2][0]) is unused and will be removed from module cifru.
WARNING: [Synth 8-3332] Sequential element (executie/ram_CifreCurente/memory_reg[0][3]) is unused and will be removed from module cifru.
WARNING: [Synth 8-3332] Sequential element (executie/ram_CifreCurente/memory_reg[0][2]) is unused and will be removed from module cifru.
WARNING: [Synth 8-3332] Sequential element (executie/ram_CifreCurente/memory_reg[0][1]) is unused and will be removed from module cifru.
WARNING: [Synth 8-3332] Sequential element (executie/ram_CifreCurente/memory_reg[0][0]) is unused and will be removed from module cifru.
WARNING: [Synth 8-3332] Sequential element (executie/ram_CifreCurente/memory_reg[1][3]) is unused and will be removed from module cifru.
WARNING: [Synth 8-3332] Sequential element (executie/ram_CifreCurente/memory_reg[1][2]) is unused and will be removed from module cifru.
WARNING: [Synth 8-3332] Sequential element (executie/ram_CifreCurente/memory_reg[1][1]) is unused and will be removed from module cifru.
WARNING: [Synth 8-3332] Sequential element (executie/ram_CifreCurente/memory_reg[1][0]) is unused and will be removed from module cifru.
WARNING: [Synth 8-3332] Sequential element (executie/ram_CifreCurente/memory_reg[2][3]) is unused and will be removed from module cifru.
WARNING: [Synth 8-3332] Sequential element (executie/ram_CifreCurente/memory_reg[2][2]) is unused and will be removed from module cifru.
WARNING: [Synth 8-3332] Sequential element (executie/ram_CifreCurente/memory_reg[2][1]) is unused and will be removed from module cifru.
WARNING: [Synth 8-3332] Sequential element (executie/ram_CifreCurente/memory_reg[2][0]) is unused and will be removed from module cifru.
WARNING: [Synth 8-3332] Sequential element (executie/display/displayValueAtCount_reg[3]) is unused and will be removed from module cifru.
---------------------------------------------------------------------------------
Finished Technology Mapping : Time (s): cpu = 00:00:26 ; elapsed = 00:00:30 . Memory (MB): peak = 1448.621 ; gain = 580.094
---------------------------------------------------------------------------------
---------------------------------------------------------------------------------
Start IO Insertion
---------------------------------------------------------------------------------
---------------------------------------------------------------------------------
Start Flattening Before IO Insertion
---------------------------------------------------------------------------------
---------------------------------------------------------------------------------
Finished Flattening Before IO Insertion
---------------------------------------------------------------------------------
---------------------------------------------------------------------------------
Start Final Netlist Cleanup
---------------------------------------------------------------------------------
---------------------------------------------------------------------------------
Finished Final Netlist Cleanup
---------------------------------------------------------------------------------
---------------------------------------------------------------------------------
Finished IO Insertion : Time (s): cpu = 00:00:31 ; elapsed = 00:00:35 . Memory (MB): peak = 1448.621 ; gain = 580.094
---------------------------------------------------------------------------------
---------------------------------------------------------------------------------
Start Renaming Generated Instances
---------------------------------------------------------------------------------
---------------------------------------------------------------------------------
Finished Renaming Generated Instances : Time (s): cpu = 00:00:31 ; elapsed = 00:00:35 . Memory (MB): peak = 1448.621 ; gain = 580.094
---------------------------------------------------------------------------------
---------------------------------------------------------------------------------
Start Rebuilding User Hierarchy
---------------------------------------------------------------------------------
---------------------------------------------------------------------------------
Finished Rebuilding User Hierarchy : Time (s): cpu = 00:00:31 ; elapsed = 00:00:35 . Memory (MB): peak = 1448.621 ; gain = 580.094
---------------------------------------------------------------------------------
---------------------------------------------------------------------------------
Start Renaming Generated Ports
---------------------------------------------------------------------------------
---------------------------------------------------------------------------------
Finished Renaming Generated Ports : Time (s): cpu = 00:00:31 ; elapsed = 00:00:35 . Memory (MB): peak = 1448.621 ; gain = 580.094
---------------------------------------------------------------------------------
---------------------------------------------------------------------------------
Start Handling Custom Attributes
---------------------------------------------------------------------------------
---------------------------------------------------------------------------------
Finished Handling Custom Attributes : Time (s): cpu = 00:00:31 ; elapsed = 00:00:35 . Memory (MB): peak = 1448.621 ; gain = 580.094
---------------------------------------------------------------------------------
---------------------------------------------------------------------------------
Start Renaming Generated Nets
---------------------------------------------------------------------------------
---------------------------------------------------------------------------------
Finished Renaming Generated Nets : Time (s): cpu = 00:00:31 ; elapsed = 00:00:35 . Memory (MB): peak = 1448.621 ; gain = 580.094
---------------------------------------------------------------------------------
---------------------------------------------------------------------------------
Start Writing Synthesis Report
---------------------------------------------------------------------------------

Report BlackBoxes: 
+-+--------------+----------+
| |BlackBox name |Instances |
+-+--------------+----------+
+-+--------------+----------+

Report Cell Usage: 
+------+-------+------+
|      |Cell   |Count |
+------+-------+------+
|1     |BUFG   |     1|
|2     |CARRY4 |     4|
|3     |LUT1   |     1|
|4     |LUT2   |     7|
|5     |LUT3   |     2|
|6     |LUT4   |     2|
|7     |LUT5   |     1|
|8     |LUT6   |     5|
|9     |FDCE   |     4|
|10    |FDRE   |    21|
|11    |LD     |     5|
|12    |IBUF   |     3|
|13    |OBUF   |    17|
+------+-------+------+
---------------------------------------------------------------------------------
Finished Writing Synthesis Report : Time (s): cpu = 00:00:31 ; elapsed = 00:00:35 . Memory (MB): peak = 1448.621 ; gain = 580.094
---------------------------------------------------------------------------------
Synthesis finished with 0 errors, 0 critical warnings and 113 warnings.
Synthesis Optimization Runtime : Time (s): cpu = 00:00:21 ; elapsed = 00:00:31 . Memory (MB): peak = 1448.621 ; gain = 549.363
Synthesis Optimization Complete : Time (s): cpu = 00:00:31 ; elapsed = 00:00:35 . Memory (MB): peak = 1448.621 ; gain = 580.094
INFO: [Project 1-571] Translating synthesized netlist
Netlist sorting complete. Time (s): cpu = 00:00:00 ; elapsed = 00:00:00 . Memory (MB): peak = 1448.621 ; gain = 0.000
INFO: [Netlist 29-17] Analyzing 9 Unisim elements for replacement
INFO: [Netlist 29-28] Unisim Transformation completed in 0 CPU seconds
INFO: [Project 1-570] Preparing netlist for logic optimization
INFO: [Opt 31-138] Pushed 0 inverter(s) to 0 load pin(s).
Netlist sorting complete. Time (s): cpu = 00:00:00 ; elapsed = 00:00:00 . Memory (MB): peak = 1448.621 ; gain = 0.000
INFO: [Project 1-111] Unisim Transformation Summary:
  A total of 5 instances were transformed.
  LD => LDCE: 5 instances

The system cannot find the path specified.
Synth Design complete | Checksum: cc9bced5
INFO: [Common 17-83] Releasing license: Synthesis
57 Infos, 151 Warnings, 1 Critical Warnings and 0 Errors encountered.
synth_design completed successfully
synth_design: Time (s): cpu = 00:00:36 ; elapsed = 00:00:47 . Memory (MB): peak = 1448.621 ; gain = 990.188
INFO: [runtcl-6] Synthesis results are not added to the cache due to CRITICAL_WARNING
Write ShapeDB Complete: Time (s): cpu = 00:00:00 ; elapsed = 00:00:00.001 . Memory (MB): peak = 1448.621 ; gain = 0.000
INFO: [Common 17-1381] The checkpoint 'D:/FACULTATE/facultate/anul1/sem2/PSN/proiect/ProiectPSN-Cifru/cifru_project/cifru_project.runs/synth_1/cifru.dcp' has been generated.
INFO: [runtcl-4] Executing : report_utilization -file cifru_utilization_synth.rpt -pb cifru_utilization_synth.pb
INFO: [Common 17-206] Exiting Vivado at Sun May 12 19:32:38 2024...
