Time resolution is 1 ps
Note: CURRENT STATE: liber
Time: 0 ps  Iteration: 0  Process: /testbench/test/control/changeState  File: D:/FACULTATE/facultate/anul1/sem2/PSN/proiect/ProiectPSN-Cifru/cifru_project/cifru_project.srcs/sources_1/new/UnitateControl.vhd
Note: CURRENT STATE: liber
Time: 8 ns  Iteration: 2  Process: /testbench/test/control/changeState  File: D:/FACULTATE/facultate/anul1/sem2/PSN/proiect/ProiectPSN-Cifru/cifru_project/cifru_project.srcs/sources_1/new/UnitateControl.vhd
Note: CURRENT STATE: c0
Time: 9 ns  Iteration: 2  Process: /testbench/test/control/changeState  File: D:/FACULTATE/facultate/anul1/sem2/PSN/proiect/ProiectPSN-Cifru/cifru_project/cifru_project.srcs/sources_1/new/UnitateControl.vhd
Note: CURRENT STATE: c0
Time: 10 ns  Iteration: 2  Process: /testbench/test/control/changeState  File: D:/FACULTATE/facultate/anul1/sem2/PSN/proiect/ProiectPSN-Cifru/cifru_project/cifru_project.srcs/sources_1/new/UnitateControl.vhd
Note: CURRENT STATE: c0
Time: 128 ns  Iteration: 2  Process: /testbench/test/control/changeState  File: D:/FACULTATE/facultate/anul1/sem2/PSN/proiect/ProiectPSN-Cifru/cifru_project/cifru_project.srcs/sources_1/new/UnitateControl.vhd
Note: CURRENT STATE: c1
Time: 129 ns  Iteration: 2  Process: /testbench/test/control/changeState  File: D:/FACULTATE/facultate/anul1/sem2/PSN/proiect/ProiectPSN-Cifru/cifru_project/cifru_project.srcs/sources_1/new/UnitateControl.vhd
Note: CURRENT STATE: c1
Time: 130 ns  Iteration: 2  Process: /testbench/test/control/changeState  File: D:/FACULTATE/facultate/anul1/sem2/PSN/proiect/ProiectPSN-Cifru/cifru_project/cifru_project.srcs/sources_1/new/UnitateControl.vhd
Note: CURRENT STATE: c1
Time: 212 ns  Iteration: 2  Process: /testbench/test/control/changeState  File: D:/FACULTATE/facultate/anul1/sem2/PSN/proiect/ProiectPSN-Cifru/cifru_project/cifru_project.srcs/sources_1/new/UnitateControl.vhd
Note: CURRENT STATE: c2
Time: 213 ns  Iteration: 2  Process: /testbench/test/control/changeState  File: D:/FACULTATE/facultate/anul1/sem2/PSN/proiect/ProiectPSN-Cifru/cifru_project/cifru_project.srcs/sources_1/new/UnitateControl.vhd
Note: CURRENT STATE: c2
Time: 214 ns  Iteration: 2  Process: /testbench/test/control/changeState  File: D:/FACULTATE/facultate/anul1/sem2/PSN/proiect/ProiectPSN-Cifru/cifru_project/cifru_project.srcs/sources_1/new/UnitateControl.vhd
Note: CURRENT STATE: c2
Time: 230 ns  Iteration: 2  Process: /testbench/test/control/changeState  File: D:/FACULTATE/facultate/anul1/sem2/PSN/proiect/ProiectPSN-Cifru/cifru_project/cifru_project.srcs/sources_1/new/UnitateControl.vhd
Note: CURRENT STATE: ocupat
Time: 231 ns  Iteration: 2  Process: /testbench/test/control/changeState  File: D:/FACULTATE/facultate/anul1/sem2/PSN/proiect/ProiectPSN-Cifru/cifru_project/cifru_project.srcs/sources_1/new/UnitateControl.vhd
Note: COUNTED_ADDS: 0
Time: 231 ns  Iteration: 2  Process: /testbench/test/control/changeState  File: D:/FACULTATE/facultate/anul1/sem2/PSN/proiect/ProiectPSN-Cifru/cifru_project/cifru_project.srcs/sources_1/new/UnitateControl.vhd
Note: CURRENT STATE: ocupat
Time: 232 ns  Iteration: 2  Process: /testbench/test/control/changeState  File: D:/FACULTATE/facultate/anul1/sem2/PSN/proiect/ProiectPSN-Cifru/cifru_project/cifru_project.srcs/sources_1/new/UnitateControl.vhd
Note: COUNTED_ADDS: 0
Time: 232 ns  Iteration: 2  Process: /testbench/test/control/changeState  File: D:/FACULTATE/facultate/anul1/sem2/PSN/proiect/ProiectPSN-Cifru/cifru_project/cifru_project.srcs/sources_1/new/UnitateControl.vhd
Note: CURRENT STATE: liber
Time: 266 ns  Iteration: 2  Process: /testbench/test/control/changeState  File: D:/FACULTATE/facultate/anul1/sem2/PSN/proiect/ProiectPSN-Cifru/cifru_project/cifru_project.srcs/sources_1/new/UnitateControl.vhd
Note: CURRENT STATE: liber
Time: 338 ns  Iteration: 2  Process: /testbench/test/control/changeState  File: D:/FACULTATE/facultate/anul1/sem2/PSN/proiect/ProiectPSN-Cifru/cifru_project/cifru_project.srcs/sources_1/new/UnitateControl.vhd
Note: CURRENT STATE: c0
Time: 339 ns  Iteration: 2  Process: /testbench/test/control/changeState  File: D:/FACULTATE/facultate/anul1/sem2/PSN/proiect/ProiectPSN-Cifru/cifru_project/cifru_project.srcs/sources_1/new/UnitateControl.vhd
Note: CURRENT STATE: c0
Time: 340 ns  Iteration: 2  Process: /testbench/test/control/changeState  File: D:/FACULTATE/facultate/anul1/sem2/PSN/proiect/ProiectPSN-Cifru/cifru_project/cifru_project.srcs/sources_1/new/UnitateControl.vhd
Note: CURRENT STATE: c0
Time: 458 ns  Iteration: 2  Process: /testbench/test/control/changeState  File: D:/FACULTATE/facultate/anul1/sem2/PSN/proiect/ProiectPSN-Cifru/cifru_project/cifru_project.srcs/sources_1/new/UnitateControl.vhd
Note: CURRENT STATE: c1
Time: 459 ns  Iteration: 2  Process: /testbench/test/control/changeState  File: D:/FACULTATE/facultate/anul1/sem2/PSN/proiect/ProiectPSN-Cifru/cifru_project/cifru_project.srcs/sources_1/new/UnitateControl.vhd
Note: CURRENT STATE: c1
Time: 460 ns  Iteration: 2  Process: /testbench/test/control/changeState  File: D:/FACULTATE/facultate/anul1/sem2/PSN/proiect/ProiectPSN-Cifru/cifru_project/cifru_project.srcs/sources_1/new/UnitateControl.vhd
Note: CURRENT STATE: c1
Time: 536 ns  Iteration: 2  Process: /testbench/test/control/changeState  File: D:/FACULTATE/facultate/anul1/sem2/PSN/proiect/ProiectPSN-Cifru/cifru_project/cifru_project.srcs/sources_1/new/UnitateControl.vhd
Note: CURRENT STATE: c2
Time: 537 ns  Iteration: 2  Process: /testbench/test/control/changeState  File: D:/FACULTATE/facultate/anul1/sem2/PSN/proiect/ProiectPSN-Cifru/cifru_project/cifru_project.srcs/sources_1/new/UnitateControl.vhd
Note: CURRENT STATE: c2
Time: 538 ns  Iteration: 2  Process: /testbench/test/control/changeState  File: D:/FACULTATE/facultate/anul1/sem2/PSN/proiect/ProiectPSN-Cifru/cifru_project/cifru_project.srcs/sources_1/new/UnitateControl.vhd
Note: CURRENT STATE: c2
Time: 554 ns  Iteration: 2  Process: /testbench/test/control/changeState  File: D:/FACULTATE/facultate/anul1/sem2/PSN/proiect/ProiectPSN-Cifru/cifru_project/cifru_project.srcs/sources_1/new/UnitateControl.vhd
Note: CURRENT STATE: ocupat
Time: 555 ns  Iteration: 2  Process: /testbench/test/control/changeState  File: D:/FACULTATE/facultate/anul1/sem2/PSN/proiect/ProiectPSN-Cifru/cifru_project/cifru_project.srcs/sources_1/new/UnitateControl.vhd
Note: COUNTED_ADDS: 0
Time: 555 ns  Iteration: 2  Process: /testbench/test/control/changeState  File: D:/FACULTATE/facultate/anul1/sem2/PSN/proiect/ProiectPSN-Cifru/cifru_project/cifru_project.srcs/sources_1/new/UnitateControl.vhd
Note: CURRENT STATE: ocupat
Time: 556 ns  Iteration: 2  Process: /testbench/test/control/changeState  File: D:/FACULTATE/facultate/anul1/sem2/PSN/proiect/ProiectPSN-Cifru/cifru_project/cifru_project.srcs/sources_1/new/UnitateControl.vhd
Note: COUNTED_ADDS: 0
Time: 556 ns  Iteration: 2  Process: /testbench/test/control/changeState  File: D:/FACULTATE/facultate/anul1/sem2/PSN/proiect/ProiectPSN-Cifru/cifru_project/cifru_project.srcs/sources_1/new/UnitateControl.vhd
Note: CURRENT STATE: ocupat
Time: 596 ns  Iteration: 2  Process: /testbench/test/control/changeState  File: D:/FACULTATE/facultate/anul1/sem2/PSN/proiect/ProiectPSN-Cifru/cifru_project/cifru_project.srcs/sources_1/new/UnitateControl.vhd
Note: COUNTED_ADDS: 0
Time: 596 ns  Iteration: 2  Process: /testbench/test/control/changeState  File: D:/FACULTATE/facultate/anul1/sem2/PSN/proiect/ProiectPSN-Cifru/cifru_project/cifru_project.srcs/sources_1/new/UnitateControl.vhd
Note: CURRENT STATE: c3
Time: 597 ns  Iteration: 2  Process: /testbench/test/control/changeState  File: D:/FACULTATE/facultate/anul1/sem2/PSN/proiect/ProiectPSN-Cifru/cifru_project/cifru_project.srcs/sources_1/new/UnitateControl.vhd
Note: CURRENT STATE: c3
Time: 598 ns  Iteration: 2  Process: /testbench/test/control/changeState  File: D:/FACULTATE/facultate/anul1/sem2/PSN/proiect/ProiectPSN-Cifru/cifru_project/cifru_project.srcs/sources_1/new/UnitateControl.vhd
Note: CURRENT STATE: c3
Time: 716 ns  Iteration: 2  Process: /testbench/test/control/changeState  File: D:/FACULTATE/facultate/anul1/sem2/PSN/proiect/ProiectPSN-Cifru/cifru_project/cifru_project.srcs/sources_1/new/UnitateControl.vhd
Note: CURRENT STATE: c4
Time: 717 ns  Iteration: 2  Process: /testbench/test/control/changeState  File: D:/FACULTATE/facultate/anul1/sem2/PSN/proiect/ProiectPSN-Cifru/cifru_project/cifru_project.srcs/sources_1/new/UnitateControl.vhd
Note: CURRENT STATE: c4
Time: 718 ns  Iteration: 2  Process: /testbench/test/control/changeState  File: D:/FACULTATE/facultate/anul1/sem2/PSN/proiect/ProiectPSN-Cifru/cifru_project/cifru_project.srcs/sources_1/new/UnitateControl.vhd
Note: CURRENT STATE: c4
Time: 794 ns  Iteration: 2  Process: /testbench/test/control/changeState  File: D:/FACULTATE/facultate/anul1/sem2/PSN/proiect/ProiectPSN-Cifru/cifru_project/cifru_project.srcs/sources_1/new/UnitateControl.vhd
Note: CURRENT STATE: c5
Time: 795 ns  Iteration: 2  Process: /testbench/test/control/changeState  File: D:/FACULTATE/facultate/anul1/sem2/PSN/proiect/ProiectPSN-Cifru/cifru_project/cifru_project.srcs/sources_1/new/UnitateControl.vhd
Note: CURRENT STATE: c5
Time: 796 ns  Iteration: 2  Process: /testbench/test/control/changeState  File: D:/FACULTATE/facultate/anul1/sem2/PSN/proiect/ProiectPSN-Cifru/cifru_project/cifru_project.srcs/sources_1/new/UnitateControl.vhd
Note: CURRENT STATE: c5
Time: 842 ns  Iteration: 2  Process: /testbench/test/control/changeState  File: D:/FACULTATE/facultate/anul1/sem2/PSN/proiect/ProiectPSN-Cifru/cifru_project/cifru_project.srcs/sources_1/new/UnitateControl.vhd
Note: CURRENT STATE: match
Time: 843 ns  Iteration: 2  Process: /testbench/test/control/changeState  File: D:/FACULTATE/facultate/anul1/sem2/PSN/proiect/ProiectPSN-Cifru/cifru_project/cifru_project.srcs/sources_1/new/UnitateControl.vhd
Note: CURRENT STATE: match
Time: 843 ns  Iteration: 4  Process: /testbench/test/control/changeState  File: D:/FACULTATE/facultate/anul1/sem2/PSN/proiect/ProiectPSN-Cifru/cifru_project/cifru_project.srcs/sources_1/new/UnitateControl.vhd
Note: CURRENT STATE: match
Time: 844 ns  Iteration: 2  Process: /testbench/test/control/changeState  File: D:/FACULTATE/facultate/anul1/sem2/PSN/proiect/ProiectPSN-Cifru/cifru_project/cifru_project.srcs/sources_1/new/UnitateControl.vhd
Note: CURRENT STATE: liber
Time: 845 ns  Iteration: 2  Process: /testbench/test/control/changeState  File: D:/FACULTATE/facultate/anul1/sem2/PSN/proiect/ProiectPSN-Cifru/cifru_project/cifru_project.srcs/sources_1/new/UnitateControl.vhd
Note: CURRENT STATE: liber
Time: 845 ns  Iteration: 4  Process: /testbench/test/control/changeState  File: D:/FACULTATE/facultate/anul1/sem2/PSN/proiect/ProiectPSN-Cifru/cifru_project/cifru_project.srcs/sources_1/new/UnitateControl.vhd
Note: CURRENT STATE: liber
Time: 962 ns  Iteration: 2  Process: /testbench/test/control/changeState  File: D:/FACULTATE/facultate/anul1/sem2/PSN/proiect/ProiectPSN-Cifru/cifru_project/cifru_project.srcs/sources_1/new/UnitateControl.vhd
Note: CURRENT STATE: c0
Time: 963 ns  Iteration: 2  Process: /testbench/test/control/changeState  File: D:/FACULTATE/facultate/anul1/sem2/PSN/proiect/ProiectPSN-Cifru/cifru_project/cifru_project.srcs/sources_1/new/UnitateControl.vhd
Note: CURRENT STATE: c0
Time: 964 ns  Iteration: 2  Process: /testbench/test/control/changeState  File: D:/FACULTATE/facultate/anul1/sem2/PSN/proiect/ProiectPSN-Cifru/cifru_project/cifru_project.srcs/sources_1/new/UnitateControl.vhd
