INFO: [VRFC 10-163] Analyzing VHDL file "D:/ProiectPSN-Cifru/cifru_project/cifru_project.srcs/sources_1/new/DisplayController.vhd" into library xil_defaultlib
INFO: [VRFC 10-3107] analyzing entity 'DisplayController'
INFO: [VRFC 10-163] Analyzing VHDL file "D:/ProiectPSN-Cifru/cifru_project/cifru_project.srcs/sources_1/new/MPG.vhd" into library xil_defaultlib
INFO: [VRFC 10-3107] analyzing entity 'MPG'
INFO: [VRFC 10-163] Analyzing VHDL file "D:/ProiectPSN-Cifru/cifru_project/cifru_project.srcs/sources_1/new/RamCifreCurente.vhd" into library xil_defaultlib
INFO: [VRFC 10-3107] analyzing entity 'RamCifreCurente'
INFO: [VRFC 10-163] Analyzing VHDL file "D:/ProiectPSN-Cifru/cifru_project/cifru_project.srcs/sources_1/new/RamCifru.vhd" into library xil_defaultlib
INFO: [VRFC 10-3107] analyzing entity 'RamCifru'
INFO: [VRFC 10-163] Analyzing VHDL file "D:/ProiectPSN-Cifru/cifru_project/cifru_project.srcs/sources_1/new/RamController.vhd" into library xil_defaultlib
INFO: [VRFC 10-3107] analyzing entity 'RamController'
INFO: [VRFC 10-163] Analyzing VHDL file "D:/ProiectPSN-Cifru/cifru_project/cifru_project.srcs/sources_1/new/SevenSegmentDisplay.vhd" into library xil_defaultlib
INFO: [VRFC 10-3107] analyzing entity 'SevenSegmentDisplay'
INFO: [VRFC 10-163] Analyzing VHDL file "D:/ProiectPSN-Cifru/cifru_project/cifru_project.srcs/sources_1/new/UnitateControl.vhd" into library xil_defaultlib
INFO: [VRFC 10-3107] analyzing entity 'UnitateControl'
INFO: [VRFC 10-163] Analyzing VHDL file "D:/ProiectPSN-Cifru/cifru_project/cifru_project.srcs/sources_1/new/UnitateExecutie.vhd" into library xil_defaultlib
INFO: [VRFC 10-3107] analyzing entity 'UnitateExecutie'
INFO: [VRFC 10-163] Analyzing VHDL file "D:/ProiectPSN-Cifru/cifru_project/cifru_project.srcs/sources_1/new/cifru.vhd" into library xil_defaultlib
INFO: [VRFC 10-3107] analyzing entity 'cifru'
INFO: [VRFC 10-163] Analyzing VHDL file "D:/ProiectPSN-Cifru/cifru_project/cifru_project.srcs/sources_1/new/comparator.vhd" into library xil_defaultlib
INFO: [VRFC 10-3107] analyzing entity 'comparator'
INFO: [VRFC 10-163] Analyzing VHDL file "D:/ProiectPSN-Cifru/cifru_project/cifru_project.srcs/sim_1/new/testbench.vhd" into library xil_defaultlib
INFO: [VRFC 10-3107] analyzing entity 'testbench'
