Copyright 1986-2022 Xilinx, Inc. All Rights Reserved. Copyright 2022-2023 Advanced Micro Devices, Inc. All Rights Reserved.
-----------------------------------------------------------------------------------------------------------------------------------------------------
| Tool Version : Vivado v.2023.2 (win64) Build 4029153 Fri Oct 13 20:14:34 MDT 2023
| Date         : Thu May 16 23:04:19 2024
| Host         : POWERSLAVE running 64-bit major release  (build 9200)
| Command      : report_methodology -file cifru_methodology_drc_routed.rpt -pb cifru_methodology_drc_routed.pb -rpx cifru_methodology_drc_routed.rpx
| Design       : cifru
| Device       : xc7a100tcsg324-1
| Speed File   : -1
| Design State : Fully Routed
-----------------------------------------------------------------------------------------------------------------------------------------------------

Report Methodology

Table of Contents
-----------------
1. REPORT SUMMARY
2. REPORT DETAILS

1. REPORT SUMMARY
-----------------
            Netlist: netlist
          Floorplan: design_1
      Design limits: <entire design considered>
             Max violations: <unlimited>
             Violations found: 66
+-----------+----------+--------------------------------+------------+
| Rule      | Severity | Description                    | Violations |
+-----------+----------+--------------------------------+------------+
| LUTAR-1   | Warning  | LUT drives async reset alert   | 2          |
| TIMING-18 | Warning  | Missing input or output delay  | 11         |
| TIMING-20 | Warning  | Non-clocked latch              | 52         |
| LATCH-1   | Advisory | Existing latches in the design | 1          |
+-----------+----------+--------------------------------+------------+

2. REPORT DETAILS
-----------------
LUTAR-1#1 Warning
LUT drives async reset alert  
LUT cell control/address_reg[0]_i_1, with 2 or more inputs, drives asynchronous preset/clear pin(s) executie/ram_Controller/address_reg[0]/PRE. The LUT may glitch and trigger an unexpected reset, even if it is a properly timed path.
Related violations: <none>

LUTAR-1#2 Warning
LUT drives async reset alert  
LUT cell control/address_reg[1]_i_1, with 2 or more inputs, drives asynchronous preset/clear pin(s) executie/ram_Controller/address_reg[1]/CLR. The LUT may glitch and trigger an unexpected reset, even if it is a properly timed path.
Related violations: <none>

TIMING-18#1 Warning
Missing input or output delay  
An input delay is missing on reset relative to the rising and/or falling clock edge(s) of sys_clk_pin.
Related violations: <none>

TIMING-18#2 Warning
Missing input or output delay  
An output delay is missing on anodActiv[0] relative to the rising and/or falling clock edge(s) of sys_clk_pin.
Related violations: <none>

TIMING-18#3 Warning
Missing input or output delay  
An output delay is missing on anodActiv[1] relative to the rising and/or falling clock edge(s) of sys_clk_pin.
Related violations: <none>

TIMING-18#4 Warning
Missing input or output delay  
An output delay is missing on anodActiv[2] relative to the rising and/or falling clock edge(s) of sys_clk_pin.
Related violations: <none>

TIMING-18#5 Warning
Missing input or output delay  
An output delay is missing on anodActiv[3] relative to the rising and/or falling clock edge(s) of sys_clk_pin.
Related violations: <none>

TIMING-18#6 Warning
Missing input or output delay  
An output delay is missing on anodActiv[4] relative to the rising and/or falling clock edge(s) of sys_clk_pin.
Related violations: <none>

TIMING-18#7 Warning
Missing input or output delay  
An output delay is missing on anodActiv[5] relative to the rising and/or falling clock edge(s) of sys_clk_pin.
Related violations: <none>

TIMING-18#8 Warning
Missing input or output delay  
An output delay is missing on anodActiv[6] relative to the rising and/or falling clock edge(s) of sys_clk_pin.
Related violations: <none>

TIMING-18#9 Warning
Missing input or output delay  
An output delay is missing on anodActiv[7] relative to the rising and/or falling clock edge(s) of sys_clk_pin.
Related violations: <none>

TIMING-18#10 Warning
Missing input or output delay  
An output delay is missing on introduCaractereLED relative to the rising and/or falling clock edge(s) of sys_clk_pin.
Related violations: <none>

TIMING-18#11 Warning
Missing input or output delay  
An output delay is missing on liberOcupatLED relative to the rising and/or falling clock edge(s) of sys_clk_pin.
Related violations: <none>

TIMING-20#1 Warning
Non-clocked latch  
The latch control/FSM_onehot_nextState_reg[0] cannot be properly analyzed as its control pin control/FSM_onehot_nextState_reg[0]/G is not reached by a timing clock
Related violations: <none>

TIMING-20#2 Warning
Non-clocked latch  
The latch control/FSM_onehot_nextState_reg[1] cannot be properly analyzed as its control pin control/FSM_onehot_nextState_reg[1]/G is not reached by a timing clock
Related violations: <none>

TIMING-20#3 Warning
Non-clocked latch  
The latch control/FSM_onehot_nextState_reg[2] cannot be properly analyzed as its control pin control/FSM_onehot_nextState_reg[2]/G is not reached by a timing clock
Related violations: <none>

TIMING-20#4 Warning
Non-clocked latch  
The latch control/FSM_onehot_nextState_reg[3] cannot be properly analyzed as its control pin control/FSM_onehot_nextState_reg[3]/G is not reached by a timing clock
Related violations: <none>

TIMING-20#5 Warning
Non-clocked latch  
The latch control/FSM_onehot_nextState_reg[4] cannot be properly analyzed as its control pin control/FSM_onehot_nextState_reg[4]/G is not reached by a timing clock
Related violations: <none>

TIMING-20#6 Warning
Non-clocked latch  
The latch control/FSM_onehot_nextState_reg[5] cannot be properly analyzed as its control pin control/FSM_onehot_nextState_reg[5]/G is not reached by a timing clock
Related violations: <none>

TIMING-20#7 Warning
Non-clocked latch  
The latch control/FSM_onehot_nextState_reg[6] cannot be properly analyzed as its control pin control/FSM_onehot_nextState_reg[6]/G is not reached by a timing clock
Related violations: <none>

TIMING-20#8 Warning
Non-clocked latch  
The latch control/FSM_onehot_nextState_reg[7] cannot be properly analyzed as its control pin control/FSM_onehot_nextState_reg[7]/G is not reached by a timing clock
Related violations: <none>

TIMING-20#9 Warning
Non-clocked latch  
The latch control/FSM_onehot_nextState_reg[8] cannot be properly analyzed as its control pin control/FSM_onehot_nextState_reg[8]/G is not reached by a timing clock
Related violations: <none>

TIMING-20#10 Warning
Non-clocked latch  
The latch executie/comparator_a/match_reg cannot be properly analyzed as its control pin executie/comparator_a/match_reg/G is not reached by a timing clock
Related violations: <none>

TIMING-20#11 Warning
Non-clocked latch  
The latch executie/display/displayValueAtCount_reg[0] cannot be properly analyzed as its control pin executie/display/displayValueAtCount_reg[0]/G is not reached by a timing clock
Related violations: <none>

TIMING-20#12 Warning
Non-clocked latch  
The latch executie/display/displayValueAtCount_reg[1] cannot be properly analyzed as its control pin executie/display/displayValueAtCount_reg[1]/G is not reached by a timing clock
Related violations: <none>

TIMING-20#13 Warning
Non-clocked latch  
The latch executie/display/displayValueAtCount_reg[2] cannot be properly analyzed as its control pin executie/display/displayValueAtCount_reg[2]/G is not reached by a timing clock
Related violations: <none>

TIMING-20#14 Warning
Non-clocked latch  
The latch executie/display/displayValueAtCount_reg[3] cannot be properly analyzed as its control pin executie/display/displayValueAtCount_reg[3]/G is not reached by a timing clock
Related violations: <none>

TIMING-20#15 Warning
Non-clocked latch  
The latch executie/ram_CifreCurente/memory_reg[0][0] cannot be properly analyzed as its control pin executie/ram_CifreCurente/memory_reg[0][0]/G is not reached by a timing clock
Related violations: <none>

TIMING-20#16 Warning
Non-clocked latch  
The latch executie/ram_CifreCurente/memory_reg[0][1] cannot be properly analyzed as its control pin executie/ram_CifreCurente/memory_reg[0][1]/G is not reached by a timing clock
Related violations: <none>

TIMING-20#17 Warning
Non-clocked latch  
The latch executie/ram_CifreCurente/memory_reg[0][2] cannot be properly analyzed as its control pin executie/ram_CifreCurente/memory_reg[0][2]/G is not reached by a timing clock
Related violations: <none>

TIMING-20#18 Warning
Non-clocked latch  
The latch executie/ram_CifreCurente/memory_reg[0][3] cannot be properly analyzed as its control pin executie/ram_CifreCurente/memory_reg[0][3]/G is not reached by a timing clock
Related violations: <none>

TIMING-20#19 Warning
Non-clocked latch  
The latch executie/ram_CifreCurente/memory_reg[1][0] cannot be properly analyzed as its control pin executie/ram_CifreCurente/memory_reg[1][0]/G is not reached by a timing clock
Related violations: <none>

TIMING-20#20 Warning
Non-clocked latch  
The latch executie/ram_CifreCurente/memory_reg[1][1] cannot be properly analyzed as its control pin executie/ram_CifreCurente/memory_reg[1][1]/G is not reached by a timing clock
Related violations: <none>

TIMING-20#21 Warning
Non-clocked latch  
The latch executie/ram_CifreCurente/memory_reg[1][2] cannot be properly analyzed as its control pin executie/ram_CifreCurente/memory_reg[1][2]/G is not reached by a timing clock
Related violations: <none>

TIMING-20#22 Warning
Non-clocked latch  
The latch executie/ram_CifreCurente/memory_reg[1][3] cannot be properly analyzed as its control pin executie/ram_CifreCurente/memory_reg[1][3]/G is not reached by a timing clock
Related violations: <none>

TIMING-20#23 Warning
Non-clocked latch  
The latch executie/ram_CifreCurente/memory_reg[2][0] cannot be properly analyzed as its control pin executie/ram_CifreCurente/memory_reg[2][0]/G is not reached by a timing clock
Related violations: <none>

TIMING-20#24 Warning
Non-clocked latch  
The latch executie/ram_CifreCurente/memory_reg[2][1] cannot be properly analyzed as its control pin executie/ram_CifreCurente/memory_reg[2][1]/G is not reached by a timing clock
Related violations: <none>

TIMING-20#25 Warning
Non-clocked latch  
The latch executie/ram_CifreCurente/memory_reg[2][2] cannot be properly analyzed as its control pin executie/ram_CifreCurente/memory_reg[2][2]/G is not reached by a timing clock
Related violations: <none>

TIMING-20#26 Warning
Non-clocked latch  
The latch executie/ram_CifreCurente/memory_reg[2][3] cannot be properly analyzed as its control pin executie/ram_CifreCurente/memory_reg[2][3]/G is not reached by a timing clock
Related violations: <none>

TIMING-20#27 Warning
Non-clocked latch  
The latch executie/ram_Cifru/memory_reg[0][0] cannot be properly analyzed as its control pin executie/ram_Cifru/memory_reg[0][0]/G is not reached by a timing clock
Related violations: <none>

TIMING-20#28 Warning
Non-clocked latch  
The latch executie/ram_Cifru/memory_reg[0][1] cannot be properly analyzed as its control pin executie/ram_Cifru/memory_reg[0][1]/G is not reached by a timing clock
Related violations: <none>

TIMING-20#29 Warning
Non-clocked latch  
The latch executie/ram_Cifru/memory_reg[0][2] cannot be properly analyzed as its control pin executie/ram_Cifru/memory_reg[0][2]/G is not reached by a timing clock
Related violations: <none>

TIMING-20#30 Warning
Non-clocked latch  
The latch executie/ram_Cifru/memory_reg[0][3] cannot be properly analyzed as its control pin executie/ram_Cifru/memory_reg[0][3]/G is not reached by a timing clock
Related violations: <none>

TIMING-20#31 Warning
Non-clocked latch  
The latch executie/ram_Cifru/memory_reg[1][0] cannot be properly analyzed as its control pin executie/ram_Cifru/memory_reg[1][0]/G is not reached by a timing clock
Related violations: <none>

TIMING-20#32 Warning
Non-clocked latch  
The latch executie/ram_Cifru/memory_reg[1][1] cannot be properly analyzed as its control pin executie/ram_Cifru/memory_reg[1][1]/G is not reached by a timing clock
Related violations: <none>

TIMING-20#33 Warning
Non-clocked latch  
The latch executie/ram_Cifru/memory_reg[1][2] cannot be properly analyzed as its control pin executie/ram_Cifru/memory_reg[1][2]/G is not reached by a timing clock
Related violations: <none>

TIMING-20#34 Warning
Non-clocked latch  
The latch executie/ram_Cifru/memory_reg[1][3] cannot be properly analyzed as its control pin executie/ram_Cifru/memory_reg[1][3]/G is not reached by a timing clock
Related violations: <none>

TIMING-20#35 Warning
Non-clocked latch  
The latch executie/ram_Cifru/memory_reg[2][0] cannot be properly analyzed as its control pin executie/ram_Cifru/memory_reg[2][0]/G is not reached by a timing clock
Related violations: <none>

TIMING-20#36 Warning
Non-clocked latch  
The latch executie/ram_Cifru/memory_reg[2][1] cannot be properly analyzed as its control pin executie/ram_Cifru/memory_reg[2][1]/G is not reached by a timing clock
Related violations: <none>

TIMING-20#37 Warning
Non-clocked latch  
The latch executie/ram_Cifru/memory_reg[2][2] cannot be properly analyzed as its control pin executie/ram_Cifru/memory_reg[2][2]/G is not reached by a timing clock
Related violations: <none>

TIMING-20#38 Warning
Non-clocked latch  
The latch executie/ram_Cifru/memory_reg[2][3] cannot be properly analyzed as its control pin executie/ram_Cifru/memory_reg[2][3]/G is not reached by a timing clock
Related violations: <none>

TIMING-20#39 Warning
Non-clocked latch  
The latch executie/ram_Controller/address_reg[0]/L7 (in executie/ram_Controller/address_reg[0] macro) cannot be properly analyzed as its control pin executie/ram_Controller/address_reg[0]/L7/G is not reached by a timing clock
Related violations: <none>

TIMING-20#40 Warning
Non-clocked latch  
The latch executie/ram_Controller/address_reg[1]/L7 (in executie/ram_Controller/address_reg[1] macro) cannot be properly analyzed as its control pin executie/ram_Controller/address_reg[1]/L7/G is not reached by a timing clock
Related violations: <none>

TIMING-20#41 Warning
Non-clocked latch  
The latch executie/ram_Controller/aux_reg[0] cannot be properly analyzed as its control pin executie/ram_Controller/aux_reg[0]/G is not reached by a timing clock
Related violations: <none>

TIMING-20#42 Warning
Non-clocked latch  
The latch executie/ram_Controller/aux_reg[1] cannot be properly analyzed as its control pin executie/ram_Controller/aux_reg[1]/G is not reached by a timing clock
Related violations: <none>

TIMING-20#43 Warning
Non-clocked latch  
The latch executie/ram_Controller/aux_reg[2] cannot be properly analyzed as its control pin executie/ram_Controller/aux_reg[2]/G is not reached by a timing clock
Related violations: <none>

TIMING-20#44 Warning
Non-clocked latch  
The latch executie/ram_Controller/aux_reg[3] cannot be properly analyzed as its control pin executie/ram_Controller/aux_reg[3]/G is not reached by a timing clock
Related violations: <none>

TIMING-20#45 Warning
Non-clocked latch  
The latch executie/ram_Controller/data1_reg[0] cannot be properly analyzed as its control pin executie/ram_Controller/data1_reg[0]/G is not reached by a timing clock
Related violations: <none>

TIMING-20#46 Warning
Non-clocked latch  
The latch executie/ram_Controller/data1_reg[1] cannot be properly analyzed as its control pin executie/ram_Controller/data1_reg[1]/G is not reached by a timing clock
Related violations: <none>

TIMING-20#47 Warning
Non-clocked latch  
The latch executie/ram_Controller/data1_reg[2] cannot be properly analyzed as its control pin executie/ram_Controller/data1_reg[2]/G is not reached by a timing clock
Related violations: <none>

TIMING-20#48 Warning
Non-clocked latch  
The latch executie/ram_Controller/data1_reg[3] cannot be properly analyzed as its control pin executie/ram_Controller/data1_reg[3]/G is not reached by a timing clock
Related violations: <none>

TIMING-20#49 Warning
Non-clocked latch  
The latch executie/ram_Controller/data2_reg[0] cannot be properly analyzed as its control pin executie/ram_Controller/data2_reg[0]/G is not reached by a timing clock
Related violations: <none>

TIMING-20#50 Warning
Non-clocked latch  
The latch executie/ram_Controller/data2_reg[1] cannot be properly analyzed as its control pin executie/ram_Controller/data2_reg[1]/G is not reached by a timing clock
Related violations: <none>

TIMING-20#51 Warning
Non-clocked latch  
The latch executie/ram_Controller/data2_reg[2] cannot be properly analyzed as its control pin executie/ram_Controller/data2_reg[2]/G is not reached by a timing clock
Related violations: <none>

TIMING-20#52 Warning
Non-clocked latch  
The latch executie/ram_Controller/data2_reg[3] cannot be properly analyzed as its control pin executie/ram_Controller/data2_reg[3]/G is not reached by a timing clock
Related violations: <none>

LATCH-1#1 Advisory
Existing latches in the design  
There are 52 latches found in the design. Inferred latches are often the result of HDL coding mistakes, such as incomplete if or case statements.
Related violations: <none>


