#-----------------------------------------------------------
# Vivado v2023.2 (64-bit)
# SW Build 4029153 on Fri Oct 13 20:14:34 MDT 2023
# IP Build 4028589 on Sat Oct 14 00:45:43 MDT 2023
# SharedData Build 4025554 on Tue Oct 10 17:18:54 MDT 2023
# Start of session at: Sat Apr 13 15:42:22 2024
# Process ID: 17252
# Current directory: D:/FACULTATE/facultate/anul1/sem2/PSN/proiect/ProiectPSN-Cifru/cifru_project
# Command line: vivado.exe -gui_launcher_event rodinguilauncherevent300 D:\FACULTATE\facultate\anul1\sem2\PSN\proiect\ProiectPSN-Cifru\cifru_project\cifru_project.xpr
# Log file: D:/FACULTATE/facultate/anul1/sem2/PSN/proiect/ProiectPSN-Cifru/cifru_project/vivado.log
# Journal file: D:/FACULTATE/facultate/anul1/sem2/PSN/proiect/ProiectPSN-Cifru/cifru_project\vivado.jou
# Running On: POWERSLAVE, OS: Windows, CPU Frequency: 3593 MHz, CPU Physical cores: 12, Host memory: 34305 MB
#-----------------------------------------------------------
start_gui
open_project D:/FACULTATE/facultate/anul1/sem2/PSN/proiect/ProiectPSN-Cifru/cifru_project/cifru_project.xpr
WARNING: [Board 49-26] cannot add Board Part xilinx.com:k24c:part0:1.0 available at X:/xilinx/Vivado/2023.2/data/xhub/boards/XilinxBoardStore/boards/Xilinx/k24c/1.0/board.xml as part xck24-ubva530-2lv-c specified in board_part file is either invalid or not available
WARNING: [Board 49-26] cannot add Board Part xilinx.com:k24i:part0:1.0 available at X:/xilinx/Vivado/2023.2/data/xhub/boards/XilinxBoardStore/boards/Xilinx/k24i/1.0/board.xml as part xck24-ubva530-2lvi-i specified in board_part file is either invalid or not available
WARNING: [Board 49-26] cannot add Board Part xilinx.com:k26c:part0:1.2 available at X:/xilinx/Vivado/2023.2/data/xhub/boards/XilinxBoardStore/boards/Xilinx/k26c/1.2/board.xml as part xck26-sfvc784-2lv-c specified in board_part file is either invalid or not available
WARNING: [Board 49-26] cannot add Board Part xilinx.com:k26c:part0:1.3 available at X:/xilinx/Vivado/2023.2/data/xhub/boards/XilinxBoardStore/boards/Xilinx/k26c/1.3/board.xml as part xck26-sfvc784-2lv-c specified in board_part file is either invalid or not available
WARNING: [Board 49-26] cannot add Board Part xilinx.com:k26c:part0:1.4 available at X:/xilinx/Vivado/2023.2/data/xhub/boards/XilinxBoardStore/boards/Xilinx/k26c/1.4/board.xml as part xck26-sfvc784-2lv-c specified in board_part file is either invalid or not available
WARNING: [Board 49-26] cannot add Board Part xilinx.com:k26i:part0:1.2 available at X:/xilinx/Vivado/2023.2/data/xhub/boards/XilinxBoardStore/boards/Xilinx/k26i/1.2/board.xml as part xck26-sfvc784-2lvi-i specified in board_part file is either invalid or not available
WARNING: [Board 49-26] cannot add Board Part xilinx.com:k26i:part0:1.3 available at X:/xilinx/Vivado/2023.2/data/xhub/boards/XilinxBoardStore/boards/Xilinx/k26i/1.3/board.xml as part xck26-sfvc784-2lvi-i specified in board_part file is either invalid or not available
WARNING: [Board 49-26] cannot add Board Part xilinx.com:k26i:part0:1.4 available at X:/xilinx/Vivado/2023.2/data/xhub/boards/XilinxBoardStore/boards/Xilinx/k26i/1.4/board.xml as part xck26-sfvc784-2lvi-i specified in board_part file is either invalid or not available
WARNING: [Board 49-26] cannot add Board Part xilinx.com:kc705:part0:1.6 available at X:/xilinx/Vivado/2023.2/data/xhub/boards/XilinxBoardStore/boards/Xilinx/kc705/1.6/board.xml as part xc7k325tffg900-2 specified in board_part file is either invalid or not available
WARNING: [Board 49-26] cannot add Board Part xilinx.com:kcu105:part0:1.6 available at X:/xilinx/Vivado/2023.2/data/xhub/boards/XilinxBoardStore/boards/Xilinx/kcu105/1.6/board.xml as part xcku040-ffva1156-2-e specified in board_part file is either invalid or not available
WARNING: [Board 49-26] cannot add Board Part xilinx.com:kcu105:part0:1.7 available at X:/xilinx/Vivado/2023.2/data/xhub/boards/XilinxBoardStore/boards/Xilinx/kcu105/1.7/board.xml as part xcku040-ffva1156-2-e specified in board_part file is either invalid or not available
WARNING: [Board 49-26] cannot add Board Part xilinx.com:kcu116:part0:1.4 available at X:/xilinx/Vivado/2023.2/data/xhub/boards/XilinxBoardStore/boards/Xilinx/kcu116/1.4/board.xml as part xcku5p-ffvb676-2-e specified in board_part file is either invalid or not available
WARNING: [Board 49-26] cannot add Board Part xilinx.com:kcu116:part0:1.5 available at X:/xilinx/Vivado/2023.2/data/xhub/boards/XilinxBoardStore/boards/Xilinx/kcu116/1.5/board.xml as part xcku5p-ffvb676-2-e specified in board_part file is either invalid or not available
WARNING: [Board 49-26] cannot add Board Part xilinx.com:kcu1500:part0:1.2 available at X:/xilinx/Vivado/2023.2/data/xhub/boards/XilinxBoardStore/boards/Xilinx/kcu1500/1.2/board.xml as part xcku115-flvb2104-2-e specified in board_part file is either invalid or not available
WARNING: [Board 49-26] cannot add Board Part xilinx.com:kd240_som:part0:1.0 available at X:/xilinx/Vivado/2023.2/data/xhub/boards/XilinxBoardStore/boards/Xilinx/kd240_som/1.0/board.xml as part xck24-ubva530-2lv-c specified in board_part file is either invalid or not available
WARNING: [Board 49-26] cannot add Board Part xilinx.com:kr260_som:part0:1.0 available at X:/xilinx/Vivado/2023.2/data/xhub/boards/XilinxBoardStore/boards/Xilinx/kr260_som/1.0/board.xml as part xck26-sfvc784-2lv-c specified in board_part file is either invalid or not available
WARNING: [Board 49-26] cannot add Board Part xilinx.com:kr260_som:part0:1.1 available at X:/xilinx/Vivado/2023.2/data/xhub/boards/XilinxBoardStore/boards/Xilinx/kr260_som/1.1/board.xml as part xck26-sfvc784-2lv-c specified in board_part file is either invalid or not available
WARNING: [Board 49-26] cannot add Board Part xilinx.com:kv260_som:part0:1.2 available at X:/xilinx/Vivado/2023.2/data/xhub/boards/XilinxBoardStore/boards/Xilinx/kv260_som/1.2/board.xml as part xck26-sfvc784-2lv-c specified in board_part file is either invalid or not available
WARNING: [Board 49-26] cannot add Board Part xilinx.com:kv260_som:part0:1.3 available at X:/xilinx/Vivado/2023.2/data/xhub/boards/XilinxBoardStore/boards/Xilinx/kv260_som/1.3/board.xml as part xck26-sfvc784-2lv-c specified in board_part file is either invalid or not available
WARNING: [Board 49-26] cannot add Board Part xilinx.com:kv260_som:part0:1.4 available at X:/xilinx/Vivado/2023.2/data/xhub/boards/XilinxBoardStore/boards/Xilinx/kv260_som/1.4/board.xml as part xck26-sfvc784-2lv-c specified in board_part file is either invalid or not available
WARNING: [Board 49-26] cannot add Board Part xilinx.com:vc707:part0:1.4 available at X:/xilinx/Vivado/2023.2/data/xhub/boards/XilinxBoardStore/boards/Xilinx/vc707/1.4/board.xml as part xc7vx485tffg1761-2 specified in board_part file is either invalid or not available
WARNING: [Board 49-26] cannot add Board Part xilinx.com:vc709:part0:1.8 available at X:/xilinx/Vivado/2023.2/data/xhub/boards/XilinxBoardStore/boards/Xilinx/vc709/1.8/board.xml as part xc7vx690tffg1761-2 specified in board_part file is either invalid or not available
WARNING: [Board 49-26] cannot add Board Part xilinx.com:vck190:part0:2.2 available at X:/xilinx/Vivado/2023.2/data/xhub/boards/XilinxBoardStore/boards/Xilinx/vck190/production/2.2/board.xml as part xcvc1902-vsva2197-2mp-e-s specified in board_part file is either invalid or not available
WARNING: [Board 49-26] cannot add Board Part xilinx.com:vck190:part0:3.0 available at X:/xilinx/Vivado/2023.2/data/xhub/boards/XilinxBoardStore/boards/Xilinx/vck190/production/3.0/board.xml as part xcvc1902-vsva2197-2mp-e-s specified in board_part file is either invalid or not available
WARNING: [Board 49-26] cannot add Board Part xilinx.com:vck190:part0:3.1 available at X:/xilinx/Vivado/2023.2/data/xhub/boards/XilinxBoardStore/boards/Xilinx/vck190/production/3.1/board.xml as part xcvc1902-vsva2197-2mp-e-s specified in board_part file is either invalid or not available
WARNING: [Board 49-26] cannot add Board Part xilinx.com:vck190:part0:3.2 available at X:/xilinx/Vivado/2023.2/data/xhub/boards/XilinxBoardStore/boards/Xilinx/vck190/production/3.2/board.xml as part xcvc1902-vsva2197-2mp-e-s specified in board_part file is either invalid or not available
WARNING: [Board 49-26] cannot add Board Part xilinx.com:vck190_newl:part0:1.0 available at X:/xilinx/Vivado/2023.2/data/xhub/boards/XilinxBoardStore/boards/Xilinx/vck190_newl/production/1.0/board.xml as part xcvc1902-vsva2197-2mp-e-s specified in board_part file is either invalid or not available
WARNING: [Board 49-26] cannot add Board Part xilinx.com:vck190_newl:part0:1.1 available at X:/xilinx/Vivado/2023.2/data/xhub/boards/XilinxBoardStore/boards/Xilinx/vck190_newl/production/1.1/board.xml as part xcvc1902-vsva2197-2mp-e-s specified in board_part file is either invalid or not available
WARNING: [Board 49-26] cannot add Board Part xilinx.com:vcu108:part0:1.6 available at X:/xilinx/Vivado/2023.2/data/xhub/boards/XilinxBoardStore/boards/Xilinx/vcu108/1.6/board.xml as part xcvu095-ffva2104-2-e specified in board_part file is either invalid or not available
WARNING: [Board 49-26] cannot add Board Part xilinx.com:vcu108:part0:1.7 available at X:/xilinx/Vivado/2023.2/data/xhub/boards/XilinxBoardStore/boards/Xilinx/vcu108/1.7/board.xml as part xcvu095-ffva2104-2-e specified in board_part file is either invalid or not available
WARNING: [Board 49-26] cannot add Board Part xilinx.com:vcu110:part0:1.4 available at X:/xilinx/Vivado/2023.2/data/xhub/boards/XilinxBoardStore/boards/Xilinx/vcu110/1.4/board.xml as part xcvu190-flgc2104-2-e specified in board_part file is either invalid or not available
WARNING: [Board 49-26] cannot add Board Part xilinx.com:vcu118:part0:2.0 available at X:/xilinx/Vivado/2023.2/data/xhub/boards/XilinxBoardStore/boards/Xilinx/vcu118/2.0/board.xml as part xcvu9p-flga2104-2l-e specified in board_part file is either invalid or not available
WARNING: [Board 49-26] cannot add Board Part xilinx.com:vcu118:part0:2.3 available at X:/xilinx/Vivado/2023.2/data/xhub/boards/XilinxBoardStore/boards/Xilinx/vcu118/2.3/board.xml as part xcvu9p-flga2104-2l-e specified in board_part file is either invalid or not available
WARNING: [Board 49-26] cannot add Board Part xilinx.com:vcu118:part0:2.4 available at X:/xilinx/Vivado/2023.2/data/xhub/boards/XilinxBoardStore/boards/Xilinx/vcu118/2.4/board.xml as part xcvu9p-flga2104-2l-e specified in board_part file is either invalid or not available
WARNING: [Board 49-26] cannot add Board Part xilinx.com:vcu128:part0:1.0 available at X:/xilinx/Vivado/2023.2/data/xhub/boards/XilinxBoardStore/boards/Xilinx/vcu128/production/1.0/board.xml as part xcvu37p-fsvh2892-2l-e specified in board_part file is either invalid or not available
WARNING: [Board 49-26] cannot add Board Part xilinx.com:vcu129:part0:1.0 available at X:/xilinx/Vivado/2023.2/data/xhub/boards/XilinxBoardStore/boards/Xilinx/vcu129/production/1.0/board.xml as part xcvu29p-fsga2577-2l-e specified in board_part file is either invalid or not available
WARNING: [Board 49-26] cannot add Board Part xilinx.com:vcu1525:part0:1.3 available at X:/xilinx/Vivado/2023.2/data/xhub/boards/XilinxBoardStore/boards/Xilinx/vcu1525/1.3/board.xml as part xcvu9p-fsgd2104-2l-e specified in board_part file is either invalid or not available
WARNING: [Board 49-26] cannot add Board Part xilinx.com:vek280:part0:1.0 available at X:/xilinx/Vivado/2023.2/data/xhub/boards/XilinxBoardStore/boards/Xilinx/vek280/production/1.0/board.xml as part xcve2802-vsvh1760-2mp-e-s specified in board_part file is either invalid or not available
WARNING: [Board 49-26] cannot add Board Part xilinx.com:vek280_es:part0:1.0 available at X:/xilinx/Vivado/2023.2/data/xhub/boards/XilinxBoardStore/boards/Xilinx/vek280/es/rev_a/1.0/board.xml as part xcve2802-vsvh1760-2lp-e-s-es1 specified in board_part file is either invalid or not available
WARNING: [Board 49-26] cannot add Board Part xilinx.com:vek280_es:part0:1.1 available at X:/xilinx/Vivado/2023.2/data/xhub/boards/XilinxBoardStore/boards/Xilinx/vek280/es/rev_a/1.1/board.xml as part xcve2802-vsvh1760-2lp-e-s-es1 specified in board_part file is either invalid or not available
WARNING: [Board 49-26] cannot add Board Part xilinx.com:vek280_es_revb:part0:1.0 available at X:/xilinx/Vivado/2023.2/data/xhub/boards/XilinxBoardStore/boards/Xilinx/vek280/es/rev_b/1.0/board.xml as part xcve2802-vsvh1760-2mp-e-s-es1 specified in board_part file is either invalid or not available
WARNING: [Board 49-26] cannot add Board Part xilinx.com:vek280_es_revb:part0:1.1 available at X:/xilinx/Vivado/2023.2/data/xhub/boards/XilinxBoardStore/boards/Xilinx/vek280/es/rev_b/1.1/board.xml as part xcve2802-vsvh1760-2mp-e-s-es1 specified in board_part file is either invalid or not available
WARNING: [Board 49-26] cannot add Board Part xilinx.com:vermeo_t1_mpsoc:part0:1.0 available at X:/xilinx/Vivado/2023.2/data/xhub/boards/XilinxBoardStore/boards/Xilinx/vermeo_t1_mpsoc/1.0/board.xml as part xczu19eg-ffvd1760-2l-e specified in board_part file is either invalid or not available
WARNING: [Board 49-26] cannot add Board Part xilinx.com:vermeo_t1_rfsoc:part0:1.0 available at X:/xilinx/Vivado/2023.2/data/xhub/boards/XilinxBoardStore/boards/Xilinx/vermeo_t1_rfsoc/1.0/board.xml as part xczu21dr-ffvd1156-2l-e specified in board_part file is either invalid or not available
WARNING: [Board 49-26] cannot add Board Part xilinx.com:vhk158:part0:1.0 available at X:/xilinx/Vivado/2023.2/data/xhub/boards/XilinxBoardStore/boards/Xilinx/vhk158/production/1.0/board.xml as part xcvh1582-vsva3697-2mp-e-s specified in board_part file is either invalid or not available
WARNING: [Board 49-26] cannot add Board Part xilinx.com:vhk158:part0:1.1 available at X:/xilinx/Vivado/2023.2/data/xhub/boards/XilinxBoardStore/boards/Xilinx/vhk158/production/1.1/board.xml as part xcvh1582-vsva3697-2mp-e-s specified in board_part file is either invalid or not available
WARNING: [Board 49-26] cannot add Board Part xilinx.com:vhk158_es:part0:1.0 available at X:/xilinx/Vivado/2023.2/data/xhub/boards/XilinxBoardStore/boards/Xilinx/vhk158/es/1.0/board.xml as part xcvh1582-vsva3697-2mp-e-s-es1 specified in board_part file is either invalid or not available
WARNING: [Board 49-26] cannot add Board Part xilinx.com:vhk158_es:part0:1.1 available at X:/xilinx/Vivado/2023.2/data/xhub/boards/XilinxBoardStore/boards/Xilinx/vhk158/es/1.1/board.xml as part xcvh1582-vsva3697-2mp-e-s-es1 specified in board_part file is either invalid or not available
WARNING: [Board 49-26] cannot add Board Part xilinx.com:vmk180:part0:2.2 available at X:/xilinx/Vivado/2023.2/data/xhub/boards/XilinxBoardStore/boards/Xilinx/vmk180/production/2.2/board.xml as part xcvm1802-vsva2197-2mp-e-s specified in board_part file is either invalid or not available
WARNING: [Board 49-26] cannot add Board Part xilinx.com:vmk180:part0:3.0 available at X:/xilinx/Vivado/2023.2/data/xhub/boards/XilinxBoardStore/boards/Xilinx/vmk180/production/3.0/board.xml as part xcvm1802-vsva2197-2mp-e-s specified in board_part file is either invalid or not available
WARNING: [Board 49-26] cannot add Board Part xilinx.com:vmk180:part0:3.1 available at X:/xilinx/Vivado/2023.2/data/xhub/boards/XilinxBoardStore/boards/Xilinx/vmk180/production/3.1/board.xml as part xcvm1802-vsva2197-2mp-e-s specified in board_part file is either invalid or not available
WARNING: [Board 49-26] cannot add Board Part xilinx.com:vmk180:part0:3.2 available at X:/xilinx/Vivado/2023.2/data/xhub/boards/XilinxBoardStore/boards/Xilinx/vmk180/production/3.2/board.xml as part xcvm1802-vsva2197-2mp-e-s specified in board_part file is either invalid or not available
WARNING: [Board 49-26] cannot add Board Part xilinx.com:vmk180_newl:part0:1.0 available at X:/xilinx/Vivado/2023.2/data/xhub/boards/XilinxBoardStore/boards/Xilinx/vmk180_newl/production/1.0/board.xml as part xcvm1802-vsva2197-2mp-e-s specified in board_part file is either invalid or not available
WARNING: [Board 49-26] cannot add Board Part xilinx.com:vmk180_newl:part0:1.1 available at X:/xilinx/Vivado/2023.2/data/xhub/boards/XilinxBoardStore/boards/Xilinx/vmk180_newl/production/1.1/board.xml as part xcvm1802-vsva2197-2mp-e-s specified in board_part file is either invalid or not available
WARNING: [Board 49-26] cannot add Board Part xilinx.com:vpk120:part0:1.0 available at X:/xilinx/Vivado/2023.2/data/xhub/boards/XilinxBoardStore/boards/Xilinx/vpk120/production/1.0/board.xml as part xcvp1202-vsva2785-2mp-e-s specified in board_part file is either invalid or not available
WARNING: [Board 49-26] cannot add Board Part xilinx.com:vpk120:part0:1.1 available at X:/xilinx/Vivado/2023.2/data/xhub/boards/XilinxBoardStore/boards/Xilinx/vpk120/production/1.1/board.xml as part xcvp1202-vsva2785-2mp-e-s specified in board_part file is either invalid or not available
WARNING: [Board 49-26] cannot add Board Part xilinx.com:vpk120:part0:1.2 available at X:/xilinx/Vivado/2023.2/data/xhub/boards/XilinxBoardStore/boards/Xilinx/vpk120/production/1.2/board.xml as part xcvp1202-vsva2785-2mp-e-s specified in board_part file is either invalid or not available
WARNING: [Board 49-26] cannot add Board Part xilinx.com:vpk180:part0:1.0 available at X:/xilinx/Vivado/2023.2/data/xhub/boards/XilinxBoardStore/boards/Xilinx/vpk180/production/1.0/board.xml as part xcvp1802-lsvc4072-2mp-e-s specified in board_part file is either invalid or not available
WARNING: [Board 49-26] cannot add Board Part xilinx.com:vpk180:part0:1.1 available at X:/xilinx/Vivado/2023.2/data/xhub/boards/XilinxBoardStore/boards/Xilinx/vpk180/production/1.1/board.xml as part xcvp1802-lsvc4072-2mp-e-s specified in board_part file is either invalid or not available
WARNING: [Board 49-26] cannot add Board Part xilinx.com:zc702:part0:1.4 available at X:/xilinx/Vivado/2023.2/data/xhub/boards/XilinxBoardStore/boards/Xilinx/zc702/1.4/board.xml as part xc7z020clg484-1 specified in board_part file is either invalid or not available
WARNING: [Board 49-26] cannot add Board Part xilinx.com:zc706:part0:1.4 available at X:/xilinx/Vivado/2023.2/data/xhub/boards/XilinxBoardStore/boards/Xilinx/zc706/1.4/board.xml as part xc7z045ffg900-2 specified in board_part file is either invalid or not available
WARNING: [Board 49-26] cannot add Board Part xilinx.com:zcu102:part0:3.3 available at X:/xilinx/Vivado/2023.2/data/xhub/boards/XilinxBoardStore/boards/Xilinx/zcu102/3.3/board.xml as part xczu9eg-ffvb1156-2-e specified in board_part file is either invalid or not available
WARNING: [Board 49-26] cannot add Board Part xilinx.com:zcu102:part0:3.4 available at X:/xilinx/Vivado/2023.2/data/xhub/boards/XilinxBoardStore/boards/Xilinx/zcu102/3.4/board.xml as part xczu9eg-ffvb1156-2-e specified in board_part file is either invalid or not available
WARNING: [Board 49-26] cannot add Board Part xilinx.com:zcu104:part0:1.1 available at X:/xilinx/Vivado/2023.2/data/xhub/boards/XilinxBoardStore/boards/Xilinx/zcu104/1.1/board.xml as part xczu7ev-ffvc1156-2-e specified in board_part file is either invalid or not available
WARNING: [Board 49-26] cannot add Board Part xilinx.com:zcu106:part0:2.4 available at X:/xilinx/Vivado/2023.2/data/xhub/boards/XilinxBoardStore/boards/Xilinx/zcu106/2.4/board.xml as part xczu7ev-ffvc1156-2-e specified in board_part file is either invalid or not available
WARNING: [Board 49-26] cannot add Board Part xilinx.com:zcu106:part0:2.5 available at X:/xilinx/Vivado/2023.2/data/xhub/boards/XilinxBoardStore/boards/Xilinx/zcu106/2.5/board.xml as part xczu7ev-ffvc1156-2-e specified in board_part file is either invalid or not available
WARNING: [Board 49-26] cannot add Board Part xilinx.com:zcu106:part0:2.6 available at X:/xilinx/Vivado/2023.2/data/xhub/boards/XilinxBoardStore/boards/Xilinx/zcu106/2.6/board.xml as part xczu7ev-ffvc1156-2-e specified in board_part file is either invalid or not available
WARNING: [Board 49-26] cannot add Board Part xilinx.com:zcu111:part0:1.2 available at X:/xilinx/Vivado/2023.2/data/xhub/boards/XilinxBoardStore/boards/Xilinx/zcu111/1.2/board.xml as part xczu28dr-ffvg1517-2-e specified in board_part file is either invalid or not available
WARNING: [Board 49-26] cannot add Board Part xilinx.com:zcu111:part0:1.3 available at X:/xilinx/Vivado/2023.2/data/xhub/boards/XilinxBoardStore/boards/Xilinx/zcu111/1.3/board.xml as part xczu28dr-ffvg1517-2-e specified in board_part file is either invalid or not available
WARNING: [Board 49-26] cannot add Board Part xilinx.com:zcu111:part0:1.4 available at X:/xilinx/Vivado/2023.2/data/xhub/boards/XilinxBoardStore/boards/Xilinx/zcu111/1.4/board.xml as part xczu28dr-ffvg1517-2-e specified in board_part file is either invalid or not available
WARNING: [Board 49-26] cannot add Board Part xilinx.com:zcu1275:part0:1.0 available at X:/xilinx/Vivado/2023.2/data/xhub/boards/XilinxBoardStore/boards/Xilinx/zcu1275/1.0/board.xml as part xczu29dr-ffvf1760-2-e specified in board_part file is either invalid or not available
WARNING: [Board 49-26] cannot add Board Part xilinx.com:zcu1285:part0:1.0 available at X:/xilinx/Vivado/2023.2/data/xhub/boards/XilinxBoardStore/boards/Xilinx/zcu1285/1.0/board.xml as part xczu39dr-ffvf1760-2-i specified in board_part file is either invalid or not available
WARNING: [Board 49-26] cannot add Board Part xilinx.com:zcu208:part0:2.0 available at X:/xilinx/Vivado/2023.2/data/xhub/boards/XilinxBoardStore/boards/Xilinx/zcu208/production/2.0/board.xml as part xczu48dr-fsvg1517-2-e specified in board_part file is either invalid or not available
WARNING: [Board 49-26] cannot add Board Part xilinx.com:zcu208ld:part0:2.0 available at X:/xilinx/Vivado/2023.2/data/xhub/boards/XilinxBoardStore/boards/Xilinx/zcu208ld/production/2.0/board.xml as part xczu58dr-fsvg1517-2-i specified in board_part file is either invalid or not available
WARNING: [Board 49-26] cannot add Board Part xilinx.com:zcu216:part0:2.0 available at X:/xilinx/Vivado/2023.2/data/xhub/boards/XilinxBoardStore/boards/Xilinx/zcu216/production/2.0/board.xml as part xczu49dr-ffvf1760-2-e specified in board_part file is either invalid or not available
WARNING: [Board 49-26] cannot add Board Part xilinx.com:zcu216ld:part0:2.0 available at X:/xilinx/Vivado/2023.2/data/xhub/boards/XilinxBoardStore/boards/Xilinx/zcu216ld/production/2.0/board.xml as part xczu59dr-ffvf1760-2-i specified in board_part file is either invalid or not available
WARNING: [Board 49-26] cannot add Board Part xilinx.com:zcu670:part0:2.0 available at X:/xilinx/Vivado/2023.2/data/xhub/boards/XilinxBoardStore/boards/Xilinx/zcu670/2.0/board.xml as part xczu67dr-fsve1156-2-i specified in board_part file is either invalid or not available
WARNING: [Board 49-26] cannot add Board Part xilinx.com:zcu670ld:part0:1.0 available at X:/xilinx/Vivado/2023.2/data/xhub/boards/XilinxBoardStore/boards/Xilinx/zcu670ld/1.0/board.xml as part xczu57dr-fsve1156-2-i specified in board_part file is either invalid or not available
INFO: [Project 1-313] Project file moved from 'D:/FACULTATE/facultate/anul1/sem2/PSN/proiect/cifru_project' since last save.
INFO: [filemgmt 56-3] Default IP Output Path : Could not find the directory 'D:/FACULTATE/facultate/anul1/sem2/PSN/proiect/ProiectPSN-Cifru/cifru_project/cifru_project.gen/sources_1'.
Scanning sources...
Finished scanning sources
INFO: [IP_Flow 19-234] Refreshing IP repositories
INFO: [IP_Flow 19-1704] No user IP repositories specified
INFO: [IP_Flow 19-2313] Loaded Vivado IP repository 'X:/xilinx/Vivado/2023.2/data/ip'.
open_project: Time (s): cpu = 00:00:18 ; elapsed = 00:00:08 . Memory (MB): peak = 1422.852 ; gain = 256.285
update_compile_order -fileset sources_1
add_files -fileset constrs_1 -norecurse D:/FACULTATE/facultate/anul1/sem2/PSN/proiect/ProiectPSN-Cifru/cifru_project/cifru_project.srcs/sources_1/new/constraints.xdc
export_ip_user_files -of_objects  [get_files D:/FACULTATE/facultate/anul1/sem2/PSN/proiect/ProiectPSN-Cifru/cifru_project/cifru_project.srcs/sources_1/new/constraints.xdc] -no_script -reset -force -quiet
remove_files  -fileset constrs_1 D:/FACULTATE/facultate/anul1/sem2/PSN/proiect/ProiectPSN-Cifru/cifru_project/cifru_project.srcs/sources_1/new/constraints.xdc
file mkdir D:/FACULTATE/facultate/anul1/sem2/PSN/proiect/ProiectPSN-Cifru/cifru_project/cifru_project.srcs/constrs_1
file mkdir D:/FACULTATE/facultate/anul1/sem2/PSN/proiect/ProiectPSN-Cifru/cifru_project/cifru_project.srcs/constrs_1/new
close [ open D:/FACULTATE/facultate/anul1/sem2/PSN/proiect/ProiectPSN-Cifru/cifru_project/cifru_project.srcs/constrs_1/new/constraints.xdc w ]
add_files -fileset constrs_1 D:/FACULTATE/facultate/anul1/sem2/PSN/proiect/ProiectPSN-Cifru/cifru_project/cifru_project.srcs/constrs_1/new/constraints.xdc
close [ open D:/FACULTATE/facultate/anul1/sem2/PSN/proiect/ProiectPSN-Cifru/cifru_project/cifru_project.srcs/sources_1/new/UnitateControl.vhd w ]
add_files D:/FACULTATE/facultate/anul1/sem2/PSN/proiect/ProiectPSN-Cifru/cifru_project/cifru_project.srcs/sources_1/new/UnitateControl.vhd
update_compile_order -fileset sources_1
WARNING: [filemgmt 56-199] Attempt to get parsing info during refresh. "On-the-fly" syntax checking information may be incorrect. [D:\FACULTATE\facultate\anul1\sem2\PSN\proiect\ProiectPSN-Cifru\cifru_project\cifru_project.srcs\sources_1\new\cifru.vhd:]
WARNING: [filemgmt 56-199] Attempt to get parsing info during refresh. "On-the-fly" syntax checking information may be incorrect. [D:\FACULTATE\facultate\anul1\sem2\PSN\proiect\ProiectPSN-Cifru\cifru_project\cifru_project.srcs\sources_1\new\UnitateControl.vhd:]
ERROR: [Common 17-180] Spawn failed: No error
WARNING: [filemgmt 56-199] Attempt to get parsing info during refresh. "On-the-fly" syntax checking information may be incorrect. [D:\FACULTATE\facultate\anul1\sem2\PSN\proiect\ProiectPSN-Cifru\cifru_project\cifru_project.srcs\sources_1\new\cifru.vhd:]
WARNING: [filemgmt 56-199] Attempt to get parsing info during refresh. "On-the-fly" syntax checking information may be incorrect. [D:\FACULTATE\facultate\anul1\sem2\PSN\proiect\ProiectPSN-Cifru\cifru_project\cifru_project.srcs\sources_1\new\UnitateControl.vhd:]
ERROR: [Common 17-180] Spawn failed: No error
WARNING: [filemgmt 56-199] Attempt to get parsing info during refresh. "On-the-fly" syntax checking information may be incorrect. [D:\FACULTATE\facultate\anul1\sem2\PSN\proiect\ProiectPSN-Cifru\cifru_project\cifru_project.srcs\sources_1\new\cifru.vhd:]
WARNING: [filemgmt 56-199] Attempt to get parsing info during refresh. "On-the-fly" syntax checking information may be incorrect. [D:\FACULTATE\facultate\anul1\sem2\PSN\proiect\ProiectPSN-Cifru\cifru_project\cifru_project.srcs\sources_1\new\UnitateControl.vhd:]
ERROR: [Common 17-180] Spawn failed: No error
WARNING: [filemgmt 56-199] Attempt to get parsing info during refresh. "On-the-fly" syntax checking information may be incorrect. [D:\FACULTATE\facultate\anul1\sem2\PSN\proiect\ProiectPSN-Cifru\cifru_project\cifru_project.srcs\sources_1\new\cifru.vhd:]
WARNING: [filemgmt 56-199] Attempt to get parsing info during refresh. "On-the-fly" syntax checking information may be incorrect. [D:\FACULTATE\facultate\anul1\sem2\PSN\proiect\ProiectPSN-Cifru\cifru_project\cifru_project.srcs\sources_1\new\UnitateControl.vhd:]
ERROR: [Common 17-180] Spawn failed: No error
set_property top UnitateControl [current_fileset]
WARNING: [filemgmt 56-199] Attempt to get parsing info during refresh. "On-the-fly" syntax checking information may be incorrect. [D:\FACULTATE\facultate\anul1\sem2\PSN\proiect\ProiectPSN-Cifru\cifru_project\cifru_project.srcs\sources_1\new\cifru.vhd:]
WARNING: [filemgmt 56-199] Attempt to get parsing info during refresh. "On-the-fly" syntax checking information may be incorrect. [D:\FACULTATE\facultate\anul1\sem2\PSN\proiect\ProiectPSN-Cifru\cifru_project\cifru_project.srcs\sources_1\new\UnitateControl.vhd:]
ERROR: [Common 17-180] Spawn failed: No error
update_compile_order -fileset sources_1
WARNING: [filemgmt 56-199] Attempt to get parsing info during refresh. "On-the-fly" syntax checking information may be incorrect. [D:\FACULTATE\facultate\anul1\sem2\PSN\proiect\ProiectPSN-Cifru\cifru_project\cifru_project.srcs\sources_1\new\cifru.vhd:]
WARNING: [filemgmt 56-199] Attempt to get parsing info during refresh. "On-the-fly" syntax checking information may be incorrect. [D:\FACULTATE\facultate\anul1\sem2\PSN\proiect\ProiectPSN-Cifru\cifru_project\cifru_project.srcs\sources_1\new\UnitateControl.vhd:]
ERROR: [Common 17-180] Spawn failed: No error
synth_design -rtl -rtl_skip_mlo -name rtl_1
Command: synth_design -rtl -rtl_skip_mlo -name rtl_1
Starting synth_design
Using part: xc7a100tcsg324-1
Top: UnitateControl
INFO: [Device 21-403] Loading part xc7a100tcsg324-1
INFO: [Synth 8-7079] Multithreading enabled for synth_design using a maximum of 2 processes.
INFO: [Synth 8-7078] Launching helper process for spawning children vivado processes
INFO: [Synth 8-7075] Helper process launched with PID 9428
---------------------------------------------------------------------------------
Starting RTL Elaboration : Time (s): cpu = 00:00:06 ; elapsed = 00:00:08 . Memory (MB): peak = 2310.594 ; gain = 393.578
---------------------------------------------------------------------------------
ERROR: [Synth 8-8892] 'liber' is already declared in this region [D:/FACULTATE/facultate/anul1/sem2/PSN/proiect/ProiectPSN-Cifru/cifru_project/cifru_project.srcs/sources_1/new/UnitateControl.vhd:21]
ERROR: [Synth 8-10097] type error near liber ; current type std_logic; expected type state [D:/FACULTATE/facultate/anul1/sem2/PSN/proiect/ProiectPSN-Cifru/cifru_project/cifru_project.srcs/sources_1/new/UnitateControl.vhd:29]
INFO: [Synth 8-11252] unit 'behavioral' is ignored due to previous errors [D:/FACULTATE/facultate/anul1/sem2/PSN/proiect/ProiectPSN-Cifru/cifru_project/cifru_project.srcs/sources_1/new/UnitateControl.vhd:35]
INFO: [Synth 8-10443] VHDL file 'D:/FACULTATE/facultate/anul1/sem2/PSN/proiect/ProiectPSN-Cifru/cifru_project/cifru_project.srcs/sources_1/new/UnitateControl.vhd' is ignored due to errors
INFO: [Synth 8-638] synthesizing module 'UnitateControl' [D:/FACULTATE/facultate/anul1/sem2/PSN/proiect/ProiectPSN-Cifru/cifru_project/cifru_project.srcs/sources_1/new/UnitateControl.vhd:6]
INFO: [Synth 8-256] done synthesizing module 'UnitateControl' (0#1) [D:/FACULTATE/facultate/anul1/sem2/PSN/proiect/ProiectPSN-Cifru/cifru_project/cifru_project.srcs/sources_1/new/UnitateControl.vhd:6]
---------------------------------------------------------------------------------
Finished RTL Elaboration : Time (s): cpu = 00:00:08 ; elapsed = 00:00:10 . Memory (MB): peak = 2417.695 ; gain = 500.680
---------------------------------------------------------------------------------
RTL Elaboration failed
8 Infos, 0 Warnings, 0 Critical Warnings and 3 Errors encountered.
synth_design failed
ERROR: [Vivado_Tcl 4-5] Elaboration failed - please see the console for details
set_property top cifru [current_fileset]
WARNING: [filemgmt 56-199] Attempt to get parsing info during refresh. "On-the-fly" syntax checking information may be incorrect. [D:\FACULTATE\facultate\anul1\sem2\PSN\proiect\ProiectPSN-Cifru\cifru_project\cifru_project.srcs\sources_1\new\cifru.vhd:]
WARNING: [filemgmt 56-199] Attempt to get parsing info during refresh. "On-the-fly" syntax checking information may be incorrect. [D:\FACULTATE\facultate\anul1\sem2\PSN\proiect\ProiectPSN-Cifru\cifru_project\cifru_project.srcs\sources_1\new\UnitateControl.vhd:]
ERROR: [Common 17-180] Spawn failed: No error
update_compile_order -fileset sources_1
WARNING: [filemgmt 56-199] Attempt to get parsing info during refresh. "On-the-fly" syntax checking information may be incorrect. [D:\FACULTATE\facultate\anul1\sem2\PSN\proiect\ProiectPSN-Cifru\cifru_project\cifru_project.srcs\sources_1\new\cifru.vhd:]
WARNING: [filemgmt 56-199] Attempt to get parsing info during refresh. "On-the-fly" syntax checking information may be incorrect. [D:\FACULTATE\facultate\anul1\sem2\PSN\proiect\ProiectPSN-Cifru\cifru_project\cifru_project.srcs\sources_1\new\UnitateControl.vhd:]
ERROR: [Common 17-180] Spawn failed: No error
WARNING: [filemgmt 56-199] Attempt to get parsing info during refresh. "On-the-fly" syntax checking information may be incorrect. [D:\FACULTATE\facultate\anul1\sem2\PSN\proiect\ProiectPSN-Cifru\cifru_project\cifru_project.srcs\sources_1\new\cifru.vhd:]
WARNING: [filemgmt 56-199] Attempt to get parsing info during refresh. "On-the-fly" syntax checking information may be incorrect. [D:\FACULTATE\facultate\anul1\sem2\PSN\proiect\ProiectPSN-Cifru\cifru_project\cifru_project.srcs\sources_1\new\UnitateControl.vhd:]
ERROR: [Common 17-180] Spawn failed: No error
set_property top UnitateControl [current_fileset]
WARNING: [filemgmt 56-199] Attempt to get parsing info during refresh. "On-the-fly" syntax checking information may be incorrect. [D:\FACULTATE\facultate\anul1\sem2\PSN\proiect\ProiectPSN-Cifru\cifru_project\cifru_project.srcs\sources_1\new\cifru.vhd:]
WARNING: [filemgmt 56-199] Attempt to get parsing info during refresh. "On-the-fly" syntax checking information may be incorrect. [D:\FACULTATE\facultate\anul1\sem2\PSN\proiect\ProiectPSN-Cifru\cifru_project\cifru_project.srcs\sources_1\new\UnitateControl.vhd:]
ERROR: [Common 17-180] Spawn failed: No error
update_compile_order -fileset sources_1
WARNING: [filemgmt 56-199] Attempt to get parsing info during refresh. "On-the-fly" syntax checking information may be incorrect. [D:\FACULTATE\facultate\anul1\sem2\PSN\proiect\ProiectPSN-Cifru\cifru_project\cifru_project.srcs\sources_1\new\cifru.vhd:]
WARNING: [filemgmt 56-199] Attempt to get parsing info during refresh. "On-the-fly" syntax checking information may be incorrect. [D:\FACULTATE\facultate\anul1\sem2\PSN\proiect\ProiectPSN-Cifru\cifru_project\cifru_project.srcs\sources_1\new\UnitateControl.vhd:]
ERROR: [Common 17-180] Spawn failed: No error
synth_design -rtl -rtl_skip_mlo -name rtl_1
Command: synth_design -rtl -rtl_skip_mlo -name rtl_1
Starting synth_design
Using part: xc7a100tcsg324-1
Top: UnitateControl
INFO: [Synth 8-7079] Multithreading enabled for synth_design using a maximum of 2 processes.
---------------------------------------------------------------------------------
Starting RTL Elaboration : Time (s): cpu = 00:00:06 ; elapsed = 00:00:06 . Memory (MB): peak = 2417.781 ; gain = 0.000
---------------------------------------------------------------------------------
INFO: [Synth 8-638] synthesizing module 'UnitateControl' [D:/FACULTATE/facultate/anul1/sem2/PSN/proiect/ProiectPSN-Cifru/cifru_project/cifru_project.srcs/sources_1/new/UnitateControl.vhd:20]
INFO: [Synth 8-256] done synthesizing module 'UnitateControl' (0#1) [D:/FACULTATE/facultate/anul1/sem2/PSN/proiect/ProiectPSN-Cifru/cifru_project/cifru_project.srcs/sources_1/new/UnitateControl.vhd:20]
WARNING: [Synth 8-3848] Net anodActiv in module/entity UnitateControl does not have driver. [D:/FACULTATE/facultate/anul1/sem2/PSN/proiect/ProiectPSN-Cifru/cifru_project/cifru_project.srcs/sources_1/new/UnitateControl.vhd:16]
WARNING: [Synth 8-3848] Net segmentLED in module/entity UnitateControl does not have driver. [D:/FACULTATE/facultate/anul1/sem2/PSN/proiect/ProiectPSN-Cifru/cifru_project/cifru_project.srcs/sources_1/new/UnitateControl.vhd:17]
WARNING: [Synth 8-3330] design UnitateControl has an empty top module
WARNING: [Synth 8-7129] Port anodActiv[7] in module UnitateControl is either unconnected or has no load
WARNING: [Synth 8-7129] Port anodActiv[6] in module UnitateControl is either unconnected or has no load
WARNING: [Synth 8-7129] Port anodActiv[5] in module UnitateControl is either unconnected or has no load
WARNING: [Synth 8-7129] Port anodActiv[4] in module UnitateControl is either unconnected or has no load
WARNING: [Synth 8-7129] Port anodActiv[3] in module UnitateControl is either unconnected or has no load
WARNING: [Synth 8-7129] Port anodActiv[2] in module UnitateControl is either unconnected or has no load
WARNING: [Synth 8-7129] Port anodActiv[1] in module UnitateControl is either unconnected or has no load
WARNING: [Synth 8-7129] Port anodActiv[0] in module UnitateControl is either unconnected or has no load
WARNING: [Synth 8-7129] Port segmentLED[6] in module UnitateControl is either unconnected or has no load
WARNING: [Synth 8-7129] Port segmentLED[5] in module UnitateControl is either unconnected or has no load
WARNING: [Synth 8-7129] Port segmentLED[4] in module UnitateControl is either unconnected or has no load
WARNING: [Synth 8-7129] Port segmentLED[3] in module UnitateControl is either unconnected or has no load
WARNING: [Synth 8-7129] Port segmentLED[2] in module UnitateControl is either unconnected or has no load
WARNING: [Synth 8-7129] Port segmentLED[1] in module UnitateControl is either unconnected or has no load
WARNING: [Synth 8-7129] Port segmentLED[0] in module UnitateControl is either unconnected or has no load
WARNING: [Synth 8-7129] Port liber_ocupat in module UnitateControl is either unconnected or has no load
WARNING: [Synth 8-7129] Port clk in module UnitateControl is either unconnected or has no load
WARNING: [Synth 8-7129] Port reset in module UnitateControl is either unconnected or has no load
WARNING: [Synth 8-7129] Port addCifra in module UnitateControl is either unconnected or has no load
WARNING: [Synth 8-7129] Port match in module UnitateControl is either unconnected or has no load
WARNING: [Synth 8-7129] Port displayValue1[3] in module UnitateControl is either unconnected or has no load
WARNING: [Synth 8-7129] Port displayValue1[2] in module UnitateControl is either unconnected or has no load
WARNING: [Synth 8-7129] Port displayValue1[1] in module UnitateControl is either unconnected or has no load
WARNING: [Synth 8-7129] Port displayValue1[0] in module UnitateControl is either unconnected or has no load
WARNING: [Synth 8-7129] Port displayValue2[3] in module UnitateControl is either unconnected or has no load
WARNING: [Synth 8-7129] Port displayValue2[2] in module UnitateControl is either unconnected or has no load
WARNING: [Synth 8-7129] Port displayValue2[1] in module UnitateControl is either unconnected or has no load
WARNING: [Synth 8-7129] Port displayValue2[0] in module UnitateControl is either unconnected or has no load
WARNING: [Synth 8-7129] Port displayValue3[3] in module UnitateControl is either unconnected or has no load
WARNING: [Synth 8-7129] Port displayValue3[2] in module UnitateControl is either unconnected or has no load
WARNING: [Synth 8-7129] Port displayValue3[1] in module UnitateControl is either unconnected or has no load
WARNING: [Synth 8-7129] Port displayValue3[0] in module UnitateControl is either unconnected or has no load
---------------------------------------------------------------------------------
Finished RTL Elaboration : Time (s): cpu = 00:00:08 ; elapsed = 00:00:08 . Memory (MB): peak = 2436.727 ; gain = 18.945
---------------------------------------------------------------------------------
---------------------------------------------------------------------------------
Start Handling Custom Attributes
---------------------------------------------------------------------------------
---------------------------------------------------------------------------------
Finished Handling Custom Attributes : Time (s): cpu = 00:00:08 ; elapsed = 00:00:08 . Memory (MB): peak = 2436.727 ; gain = 18.945
---------------------------------------------------------------------------------
---------------------------------------------------------------------------------
Finished RTL Optimization Phase 1 : Time (s): cpu = 00:00:08 ; elapsed = 00:00:08 . Memory (MB): peak = 2436.727 ; gain = 18.945
---------------------------------------------------------------------------------
Netlist sorting complete. Time (s): cpu = 00:00:00 ; elapsed = 00:00:00 . Memory (MB): peak = 2436.727 ; gain = 0.000
INFO: [Project 1-570] Preparing netlist for logic optimization

Processing XDC Constraints
Initializing timing engine
Parsing XDC File [D:/FACULTATE/facultate/anul1/sem2/PSN/proiect/ProiectPSN-Cifru/cifru_project/cifru_project.srcs/constrs_1/new/constraints.xdc]
Finished Parsing XDC File [D:/FACULTATE/facultate/anul1/sem2/PSN/proiect/ProiectPSN-Cifru/cifru_project/cifru_project.srcs/constrs_1/new/constraints.xdc]
Completed Processing XDC Constraints

Netlist sorting complete. Time (s): cpu = 00:00:00 ; elapsed = 00:00:00 . Memory (MB): peak = 2450.402 ; gain = 0.000
INFO: [Project 1-111] Unisim Transformation Summary:
No Unisim elements were transformed.

RTL Elaboration Complete:  : Time (s): cpu = 00:00:16 ; elapsed = 00:00:14 . Memory (MB): peak = 2491.723 ; gain = 73.941
5 Infos, 35 Warnings, 0 Critical Warnings and 0 Errors encountered.
synth_design completed successfully
synth_design: Time (s): cpu = 00:00:16 ; elapsed = 00:00:14 . Memory (MB): peak = 2491.723 ; gain = 73.941
WARNING: [filemgmt 56-199] Attempt to get parsing info during refresh. "On-the-fly" syntax checking information may be incorrect. [D:\FACULTATE\facultate\anul1\sem2\PSN\proiect\ProiectPSN-Cifru\cifru_project\cifru_project.srcs\sources_1\new\cifru.vhd:]
WARNING: [filemgmt 56-199] Attempt to get parsing info during refresh. "On-the-fly" syntax checking information may be incorrect. [D:\FACULTATE\facultate\anul1\sem2\PSN\proiect\ProiectPSN-Cifru\cifru_project\cifru_project.srcs\sources_1\new\UnitateControl.vhd:]
ERROR: [Common 17-180] Spawn failed: No error
update_compile_order -fileset sources_1
WARNING: [filemgmt 56-199] Attempt to get parsing info during refresh. "On-the-fly" syntax checking information may be incorrect. [D:\FACULTATE\facultate\anul1\sem2\PSN\proiect\ProiectPSN-Cifru\cifru_project\cifru_project.srcs\sources_1\new\cifru.vhd:]
WARNING: [filemgmt 56-199] Attempt to get parsing info during refresh. "On-the-fly" syntax checking information may be incorrect. [D:\FACULTATE\facultate\anul1\sem2\PSN\proiect\ProiectPSN-Cifru\cifru_project\cifru_project.srcs\sources_1\new\UnitateControl.vhd:]
ERROR: [Common 17-180] Spawn failed: No error
WARNING: [filemgmt 56-199] Attempt to get parsing info during refresh. "On-the-fly" syntax checking information may be incorrect. [D:\FACULTATE\facultate\anul1\sem2\PSN\proiect\ProiectPSN-Cifru\cifru_project\cifru_project.srcs\sources_1\new\cifru.vhd:]
WARNING: [filemgmt 56-199] Attempt to get parsing info during refresh. "On-the-fly" syntax checking information may be incorrect. [D:\FACULTATE\facultate\anul1\sem2\PSN\proiect\ProiectPSN-Cifru\cifru_project\cifru_project.srcs\sources_1\new\UnitateControl.vhd:]
ERROR: [Common 17-180] Spawn failed: No error
update_compile_order -fileset sources_1
WARNING: [filemgmt 56-199] Attempt to get parsing info during refresh. "On-the-fly" syntax checking information may be incorrect. [D:\FACULTATE\facultate\anul1\sem2\PSN\proiect\ProiectPSN-Cifru\cifru_project\cifru_project.srcs\sources_1\new\cifru.vhd:]
WARNING: [filemgmt 56-199] Attempt to get parsing info during refresh. "On-the-fly" syntax checking information may be incorrect. [D:\FACULTATE\facultate\anul1\sem2\PSN\proiect\ProiectPSN-Cifru\cifru_project\cifru_project.srcs\sources_1\new\UnitateControl.vhd:]
ERROR: [Common 17-180] Spawn failed: No error
refresh_design
INFO: [Synth 8-7079] Multithreading enabled for synth_design using a maximum of 2 processes.
---------------------------------------------------------------------------------
Starting RTL Elaboration : Time (s): cpu = 00:00:06 ; elapsed = 00:00:06 . Memory (MB): peak = 2546.562 ; gain = 51.293
---------------------------------------------------------------------------------
INFO: [Synth 8-638] synthesizing module 'UnitateControl' [D:/FACULTATE/facultate/anul1/sem2/PSN/proiect/ProiectPSN-Cifru/cifru_project/cifru_project.srcs/sources_1/new/UnitateControl.vhd:20]
INFO: [Synth 8-256] done synthesizing module 'UnitateControl' (0#1) [D:/FACULTATE/facultate/anul1/sem2/PSN/proiect/ProiectPSN-Cifru/cifru_project/cifru_project.srcs/sources_1/new/UnitateControl.vhd:20]
WARNING: [Synth 8-3848] Net anodActiv in module/entity UnitateControl does not have driver. [D:/FACULTATE/facultate/anul1/sem2/PSN/proiect/ProiectPSN-Cifru/cifru_project/cifru_project.srcs/sources_1/new/UnitateControl.vhd:16]
WARNING: [Synth 8-3848] Net segmentLED in module/entity UnitateControl does not have driver. [D:/FACULTATE/facultate/anul1/sem2/PSN/proiect/ProiectPSN-Cifru/cifru_project/cifru_project.srcs/sources_1/new/UnitateControl.vhd:17]
WARNING: [Synth 8-3330] design UnitateControl has an empty top module
WARNING: [Synth 8-7129] Port anodActiv[7] in module UnitateControl is either unconnected or has no load
WARNING: [Synth 8-7129] Port anodActiv[6] in module UnitateControl is either unconnected or has no load
WARNING: [Synth 8-7129] Port anodActiv[5] in module UnitateControl is either unconnected or has no load
WARNING: [Synth 8-7129] Port anodActiv[4] in module UnitateControl is either unconnected or has no load
WARNING: [Synth 8-7129] Port anodActiv[3] in module UnitateControl is either unconnected or has no load
WARNING: [Synth 8-7129] Port anodActiv[2] in module UnitateControl is either unconnected or has no load
WARNING: [Synth 8-7129] Port anodActiv[1] in module UnitateControl is either unconnected or has no load
WARNING: [Synth 8-7129] Port anodActiv[0] in module UnitateControl is either unconnected or has no load
WARNING: [Synth 8-7129] Port segmentLED[6] in module UnitateControl is either unconnected or has no load
WARNING: [Synth 8-7129] Port segmentLED[5] in module UnitateControl is either unconnected or has no load
WARNING: [Synth 8-7129] Port segmentLED[4] in module UnitateControl is either unconnected or has no load
WARNING: [Synth 8-7129] Port segmentLED[3] in module UnitateControl is either unconnected or has no load
WARNING: [Synth 8-7129] Port segmentLED[2] in module UnitateControl is either unconnected or has no load
WARNING: [Synth 8-7129] Port segmentLED[1] in module UnitateControl is either unconnected or has no load
WARNING: [Synth 8-7129] Port segmentLED[0] in module UnitateControl is either unconnected or has no load
WARNING: [Synth 8-7129] Port liber_ocupat in module UnitateControl is either unconnected or has no load
WARNING: [Synth 8-7129] Port clk in module UnitateControl is either unconnected or has no load
WARNING: [Synth 8-7129] Port reset in module UnitateControl is either unconnected or has no load
WARNING: [Synth 8-7129] Port addCifra in module UnitateControl is either unconnected or has no load
WARNING: [Synth 8-7129] Port match in module UnitateControl is either unconnected or has no load
WARNING: [Synth 8-7129] Port displayValue1[3] in module UnitateControl is either unconnected or has no load
WARNING: [Synth 8-7129] Port displayValue1[2] in module UnitateControl is either unconnected or has no load
WARNING: [Synth 8-7129] Port displayValue1[1] in module UnitateControl is either unconnected or has no load
WARNING: [Synth 8-7129] Port displayValue1[0] in module UnitateControl is either unconnected or has no load
WARNING: [Synth 8-7129] Port displayValue2[3] in module UnitateControl is either unconnected or has no load
WARNING: [Synth 8-7129] Port displayValue2[2] in module UnitateControl is either unconnected or has no load
WARNING: [Synth 8-7129] Port displayValue2[1] in module UnitateControl is either unconnected or has no load
WARNING: [Synth 8-7129] Port displayValue2[0] in module UnitateControl is either unconnected or has no load
WARNING: [Synth 8-7129] Port displayValue3[3] in module UnitateControl is either unconnected or has no load
WARNING: [Synth 8-7129] Port displayValue3[2] in module UnitateControl is either unconnected or has no load
WARNING: [Synth 8-7129] Port displayValue3[1] in module UnitateControl is either unconnected or has no load
WARNING: [Synth 8-7129] Port displayValue3[0] in module UnitateControl is either unconnected or has no load
---------------------------------------------------------------------------------
Finished RTL Elaboration : Time (s): cpu = 00:00:08 ; elapsed = 00:00:08 . Memory (MB): peak = 2627.723 ; gain = 132.453
---------------------------------------------------------------------------------
---------------------------------------------------------------------------------
Start Handling Custom Attributes
---------------------------------------------------------------------------------
---------------------------------------------------------------------------------
Finished Handling Custom Attributes : Time (s): cpu = 00:00:08 ; elapsed = 00:00:08 . Memory (MB): peak = 2646.617 ; gain = 151.348
---------------------------------------------------------------------------------
---------------------------------------------------------------------------------
Finished RTL Optimization Phase 1 : Time (s): cpu = 00:00:08 ; elapsed = 00:00:08 . Memory (MB): peak = 2646.617 ; gain = 151.348
---------------------------------------------------------------------------------
Netlist sorting complete. Time (s): cpu = 00:00:00 ; elapsed = 00:00:00 . Memory (MB): peak = 2665.477 ; gain = 0.000
INFO: [Project 1-570] Preparing netlist for logic optimization

Processing XDC Constraints
Initializing timing engine
Parsing XDC File [D:/FACULTATE/facultate/anul1/sem2/PSN/proiect/ProiectPSN-Cifru/cifru_project/cifru_project.srcs/constrs_1/new/constraints.xdc]
Finished Parsing XDC File [D:/FACULTATE/facultate/anul1/sem2/PSN/proiect/ProiectPSN-Cifru/cifru_project/cifru_project.srcs/constrs_1/new/constraints.xdc]
Completed Processing XDC Constraints

refresh_design: Time (s): cpu = 00:00:13 ; elapsed = 00:00:10 . Memory (MB): peak = 2665.477 ; gain = 170.207
close_design
WARNING: [filemgmt 56-199] Attempt to get parsing info during refresh. "On-the-fly" syntax checking information may be incorrect. [D:\FACULTATE\facultate\anul1\sem2\PSN\proiect\ProiectPSN-Cifru\cifru_project\cifru_project.srcs\sources_1\new\cifru.vhd:]
WARNING: [filemgmt 56-199] Attempt to get parsing info during refresh. "On-the-fly" syntax checking information may be incorrect. [D:\FACULTATE\facultate\anul1\sem2\PSN\proiect\ProiectPSN-Cifru\cifru_project\cifru_project.srcs\sources_1\new\UnitateControl.vhd:]
ERROR: [Common 17-180] Spawn failed: No error
WARNING: [filemgmt 56-199] Attempt to get parsing info during refresh. "On-the-fly" syntax checking information may be incorrect. [D:\FACULTATE\facultate\anul1\sem2\PSN\proiect\ProiectPSN-Cifru\cifru_project\cifru_project.srcs\sources_1\new\cifru.vhd:]
WARNING: [filemgmt 56-199] Attempt to get parsing info during refresh. "On-the-fly" syntax checking information may be incorrect. [D:\FACULTATE\facultate\anul1\sem2\PSN\proiect\ProiectPSN-Cifru\cifru_project\cifru_project.srcs\sources_1\new\UnitateControl.vhd:]
ERROR: [Common 17-180] Spawn failed: No error
WARNING: [filemgmt 56-199] Attempt to get parsing info during refresh. "On-the-fly" syntax checking information may be incorrect. [D:\FACULTATE\facultate\anul1\sem2\PSN\proiect\ProiectPSN-Cifru\cifru_project\cifru_project.srcs\sources_1\new\cifru.vhd:]
WARNING: [filemgmt 56-199] Attempt to get parsing info during refresh. "On-the-fly" syntax checking information may be incorrect. [D:\FACULTATE\facultate\anul1\sem2\PSN\proiect\ProiectPSN-Cifru\cifru_project\cifru_project.srcs\sources_1\new\UnitateControl.vhd:]
ERROR: [Common 17-180] Spawn failed: No error
WARNING: [filemgmt 56-199] Attempt to get parsing info during refresh. "On-the-fly" syntax checking information may be incorrect. [D:\FACULTATE\facultate\anul1\sem2\PSN\proiect\ProiectPSN-Cifru\cifru_project\cifru_project.srcs\sources_1\new\cifru.vhd:]
WARNING: [filemgmt 56-199] Attempt to get parsing info during refresh. "On-the-fly" syntax checking information may be incorrect. [D:\FACULTATE\facultate\anul1\sem2\PSN\proiect\ProiectPSN-Cifru\cifru_project\cifru_project.srcs\sources_1\new\UnitateControl.vhd:]
ERROR: [Common 17-180] Spawn failed: No error
WARNING: [filemgmt 56-199] Attempt to get parsing info during refresh. "On-the-fly" syntax checking information may be incorrect. [D:\FACULTATE\facultate\anul1\sem2\PSN\proiect\ProiectPSN-Cifru\cifru_project\cifru_project.srcs\sources_1\new\cifru.vhd:]
WARNING: [filemgmt 56-199] Attempt to get parsing info during refresh. "On-the-fly" syntax checking information may be incorrect. [D:\FACULTATE\facultate\anul1\sem2\PSN\proiect\ProiectPSN-Cifru\cifru_project\cifru_project.srcs\sources_1\new\UnitateControl.vhd:]
ERROR: [Common 17-180] Spawn failed: No error
WARNING: [filemgmt 56-199] Attempt to get parsing info during refresh. "On-the-fly" syntax checking information may be incorrect. [D:\FACULTATE\facultate\anul1\sem2\PSN\proiect\ProiectPSN-Cifru\cifru_project\cifru_project.srcs\sources_1\new\cifru.vhd:]
WARNING: [filemgmt 56-199] Attempt to get parsing info during refresh. "On-the-fly" syntax checking information may be incorrect. [D:\FACULTATE\facultate\anul1\sem2\PSN\proiect\ProiectPSN-Cifru\cifru_project\cifru_project.srcs\sources_1\new\UnitateControl.vhd:]
ERROR: [Common 17-180] Spawn failed: No error
WARNING: [filemgmt 56-199] Attempt to get parsing info during refresh. "On-the-fly" syntax checking information may be incorrect. [D:\FACULTATE\facultate\anul1\sem2\PSN\proiect\ProiectPSN-Cifru\cifru_project\cifru_project.srcs\sources_1\new\cifru.vhd:]
WARNING: [filemgmt 56-199] Attempt to get parsing info during refresh. "On-the-fly" syntax checking information may be incorrect. [D:\FACULTATE\facultate\anul1\sem2\PSN\proiect\ProiectPSN-Cifru\cifru_project\cifru_project.srcs\sources_1\new\UnitateControl.vhd:]
ERROR: [Common 17-180] Spawn failed: No error
WARNING: [filemgmt 56-199] Attempt to get parsing info during refresh. "On-the-fly" syntax checking information may be incorrect. [D:\FACULTATE\facultate\anul1\sem2\PSN\proiect\ProiectPSN-Cifru\cifru_project\cifru_project.srcs\sources_1\new\cifru.vhd:]
WARNING: [filemgmt 56-199] Attempt to get parsing info during refresh. "On-the-fly" syntax checking information may be incorrect. [D:\FACULTATE\facultate\anul1\sem2\PSN\proiect\ProiectPSN-Cifru\cifru_project\cifru_project.srcs\sources_1\new\UnitateControl.vhd:]
ERROR: [Common 17-180] Spawn failed: No error
WARNING: [filemgmt 56-199] Attempt to get parsing info during refresh. "On-the-fly" syntax checking information may be incorrect. [D:\FACULTATE\facultate\anul1\sem2\PSN\proiect\ProiectPSN-Cifru\cifru_project\cifru_project.srcs\sources_1\new\cifru.vhd:]
WARNING: [filemgmt 56-199] Attempt to get parsing info during refresh. "On-the-fly" syntax checking information may be incorrect. [D:\FACULTATE\facultate\anul1\sem2\PSN\proiect\ProiectPSN-Cifru\cifru_project\cifru_project.srcs\sources_1\new\UnitateControl.vhd:]
ERROR: [Common 17-180] Spawn failed: No error
WARNING: [filemgmt 56-199] Attempt to get parsing info during refresh. "On-the-fly" syntax checking information may be incorrect. [D:\FACULTATE\facultate\anul1\sem2\PSN\proiect\ProiectPSN-Cifru\cifru_project\cifru_project.srcs\sources_1\new\cifru.vhd:]
WARNING: [filemgmt 56-199] Attempt to get parsing info during refresh. "On-the-fly" syntax checking information may be incorrect. [D:\FACULTATE\facultate\anul1\sem2\PSN\proiect\ProiectPSN-Cifru\cifru_project\cifru_project.srcs\sources_1\new\UnitateControl.vhd:]
ERROR: [Common 17-180] Spawn failed: No error
update_compile_order -fileset sources_1
set_property top cifru [current_fileset]
add_files -norecurse {D:/FACULTATE/facultate/anul1/sem2/PSN/proiect/ProiectPSN-Cifru/cifru_project/cifru_project.srcs/sources_1/new/RamCifreCurente.vhd D:/FACULTATE/facultate/anul1/sem2/PSN/proiect/ProiectPSN-Cifru/cifru_project/cifru_project.srcs/sources_1/new/comparator.vhd D:/FACULTATE/facultate/anul1/sem2/PSN/proiect/ProiectPSN-Cifru/cifru_project/cifru_project.srcs/sources_1/new/RamCifru.vhd}
update_compile_order -fileset sources_1
add_files -norecurse D:/FACULTATE/facultate/anul1/sem2/PSN/proiect/ProiectPSN-Cifru/cifru_project/cifru_project.srcs/sources_1/new/RamCifru.vhd
WARNING: [filemgmt 56-12] File 'D:/FACULTATE/facultate/anul1/sem2/PSN/proiect/ProiectPSN-Cifru/cifru_project/cifru_project.srcs/sources_1/new/RamCifru.vhd' cannot be added to the project because it already exists in the project, skipping this file
add_files -norecurse D:/FACULTATE/facultate/anul1/sem2/PSN/proiect/ProiectPSN-Cifru/cifru_project/cifru_project.srcs/sources_1/new/RamCifru.vhd
WARNING: [filemgmt 56-12] File 'D:/FACULTATE/facultate/anul1/sem2/PSN/proiect/ProiectPSN-Cifru/cifru_project/cifru_project.srcs/sources_1/new/RamCifru.vhd' cannot be added to the project because it already exists in the project, skipping this file
WARNING: [filemgmt 56-199] Attempt to get parsing info during refresh. "On-the-fly" syntax checking information may be incorrect. [D:\FACULTATE\facultate\anul1\sem2\PSN\proiect\ProiectPSN-Cifru\cifru_project\cifru_project.srcs\sources_1\new\cifru.vhd:]
WARNING: [filemgmt 56-199] Attempt to get parsing info during refresh. "On-the-fly" syntax checking information may be incorrect. [D:\FACULTATE\facultate\anul1\sem2\PSN\proiect\ProiectPSN-Cifru\cifru_project\cifru_project.srcs\sources_1\new\UnitateControl.vhd:]
ERROR: [Common 17-180] Spawn failed: No error
exit
INFO: [Common 17-206] Exiting Vivado at Sat Apr 13 19:51:30 2024...
